[2026-05-08 02:41:42] [INFO] [SYSTEM] 🚀 Server ready on port 3001
[2026-05-08 02:42:25] [INFO] [HTTP] GET / 200 10ms [Guest]
[2026-05-08 02:42:25] [INFO] [HTTP] GET /assets/index-nL6flmg0.js 304 2ms [Guest]
[2026-05-08 02:42:25] [INFO] [HTTP] GET /assets/index-BXCk7I2q.css 304 2ms [Guest]
[2026-05-08 02:42:25] [INFO] [HTTP] GET /vite.svg 304 22ms [Guest]
[2026-05-08 02:42:25] [INFO] [HTTP] GET /api/auth/me 304 78ms [User:admin-001]
[2026-05-08 02:42:25] [INFO] [HTTP] GET /vite.svg 304 3ms [Guest]
[2026-05-08 02:42:25] [INFO] [HTTP] GET /api/worklogs/dashboard 304 29ms [User:admin-001]
[2026-05-08 02:42:33] [INFO] [HTTP] GET /api/worklogs/active 304 8ms [User:admin-001]
[2026-05-08 02:42:33] [INFO] [HTTP] GET /vite.svg 304 4ms [Guest]
[2026-05-08 02:42:34] [INFO] [HTTP] GET /vite.svg 304 2ms [Guest]
[2026-05-08 02:42:34] [INFO] [HTTP] GET /api/worklogs/dashboard 304 8ms [User:admin-001]
[2026-05-08 02:42:36] [INFO] [HTTP] GET /api/users 304 9ms [User:admin-001]
[2026-05-08 02:42:36] [INFO] [HTTP] GET /vite.svg 304 2ms [Guest]
[2026-05-08 02:42:36] [INFO] [HTTP] GET /api/worklogs/report 304 17ms [User:admin-001]
[2026-05-08 02:42:36] [INFO] [HTTP] GET /api/projects 304 18ms [User:admin-001]
[2026-05-08 02:42:37] [INFO] [HTTP] GET /api/users 304 6ms [User:admin-001]
[2026-05-08 02:42:37] [INFO] [HTTP] GET /vite.svg 304 1ms [Guest]
[2026-05-08 02:42:37] [INFO] [HTTP] GET /api/attendance/report?start_date=2026-05-03&end_date=2026-05-08 200 11ms [User:admin-001]
[2026-05-08 02:42:38] [INFO] [HTTP] GET /api/shift-management/week?startDate=2026-05-08 200 9ms [Guest]
[2026-05-08 02:42:38] [INFO] [HTTP] GET /vite.svg 304 5ms [Guest]
[2026-05-08 02:42:38] [INFO] [HTTP] GET /api/shift-management/days/2026-05-08/shifts 304 18ms [Guest]
[2026-05-08 02:42:38] [INFO] [HTTP] GET /api/shift-management/shifts/si_MORNING_20260508/attendance 304 3ms [Guest]
[2026-05-08 02:42:39] [INFO] [HTTP] GET /api/users 304 5ms [User:admin-001]
[2026-05-08 02:42:39] [INFO] [HTTP] GET /api/attendance/report?start_date=2026-05-03&end_date=2026-05-08 304 6ms [User:admin-001]
[2026-05-08 02:42:39] [INFO] [HTTP] GET /vite.svg 304 5ms [Guest]
[2026-05-08 02:44:25] [INFO] [SYSTEM] 🚀 Server ready on port 3001
[2026-05-08 02:44:39] [INFO] [HTTP] GET / 200 9ms [Guest]
[2026-05-08 02:44:39] [INFO] [HTTP] GET /assets/index-BesE_EV3.css 200 3ms [Guest]
[2026-05-08 02:44:39] [INFO] [HTTP] GET /assets/index-wsG1sYIn.js 200 6ms [Guest]
[2026-05-08 02:44:39] [INFO] [HTTP] GET /vite.svg 200 16ms [Guest]
[2026-05-08 02:44:39] [INFO] [HTTP] GET /api/auth/me 304 63ms [User:admin-001]
[2026-05-08 02:44:39] [INFO] [HTTP] GET /vite.svg 304 1ms [Guest]
[2026-05-08 02:44:39] [INFO] [HTTP] GET /api/worklogs/dashboard 304 9ms [User:admin-001]
[2026-05-08 02:44:43] [INFO] [HTTP] GET /api/users 304 6ms [User:admin-001]
[2026-05-08 02:44:43] [INFO] [HTTP] GET /api/attendance/report?start_date=2026-05-03&end_date=2026-05-08 304 9ms [User:admin-001]
[2026-05-08 02:44:43] [INFO] [HTTP] GET /vite.svg 304 0ms [Guest]
[2026-05-08 02:44:48] [INFO] [HTTP] GET /vite.svg 304 2ms [Guest]
[2026-05-08 02:44:48] [INFO] [HTTP] GET /api/worklogs/dashboard 304 9ms [User:admin-001]
[2026-05-08 02:45:35] [INFO] [HTTP] GET /api/users 304 5ms [User:admin-001]
[2026-05-08 02:45:35] [INFO] [HTTP] GET /vite.svg 304 2ms [Guest]
[2026-05-08 02:45:35] [INFO] [HTTP] GET /api/projects 304 16ms [User:admin-001]
[2026-05-08 02:45:35] [INFO] [HTTP] GET /api/worklogs/report 304 14ms [User:admin-001]
[2026-05-08 02:45:37] [INFO] [HTTP] GET /api/attendance/report?start_date=2026-05-03&end_date=2026-05-08 304 4ms [User:admin-001]
[2026-05-08 02:45:37] [INFO] [HTTP] GET /api/users 304 9ms [User:admin-001]
[2026-05-08 02:45:37] [INFO] [HTTP] GET /vite.svg 304 5ms [Guest]
[2026-05-08 02:45:40] [INFO] [HTTP] GET /api/project-items 304 5ms [User:admin-001]
[2026-05-08 02:45:40] [INFO] [HTTP] GET /vite.svg 304 3ms [Guest]
[2026-05-08 02:45:40] [INFO] [HTTP] GET /api/projects 304 10ms [User:admin-001]
[2026-05-08 02:45:40] [INFO] [HTTP] GET /api/users 304 2ms [User:admin-001]
[2026-05-08 02:45:40] [INFO] [HTTP] GET /vite.svg 304 1ms [Guest]
[2026-05-08 02:45:42] [INFO] [HTTP] GET /api/shift-management/days/2026-05-08/attendance 304 7ms [Guest]
[2026-05-08 02:45:42] [INFO] [HTTP] GET /vite.svg 304 5ms [Guest]
[2026-05-08 02:45:42] [INFO] [HTTP] GET /api/shift-management/days/2026-05-08/shifts 304 24ms [Guest]
[2026-05-08 02:45:42] [INFO] [HTTP] GET /api/shift-management/week?startDate=2026-05-08 304 26ms [Guest]
[2026-05-08 02:45:44] [INFO] [HTTP] GET /api/shift-management/days/2026-05-06/attendance 304 38ms [Guest]
[2026-05-08 02:45:44] [INFO] [HTTP] GET /api/shift-management/days/2026-05-06/shifts 304 46ms [Guest]
[2026-05-08 02:45:44] [INFO] [HTTP] GET /api/shift-management/week?startDate=2026-05-06 200 49ms [Guest]
[2026-05-08 02:45:45] [INFO] [HTTP] GET /api/shift-management/days/2026-05-05/attendance 304 4ms [Guest]
[2026-05-08 02:45:45] [INFO] [HTTP] GET /api/shift-management/days/2026-05-05/shifts 304 9ms [Guest]
[2026-05-08 02:45:45] [INFO] [HTTP] GET /api/shift-management/week?startDate=2026-05-05 200 14ms [Guest]
[2026-05-08 02:45:46] [INFO] [HTTP] GET /api/shift-management/days/2026-05-07/attendance 304 3ms [Guest]
[2026-05-08 02:45:46] [INFO] [HTTP] GET /api/shift-management/days/2026-05-07/shifts 304 8ms [Guest]
[2026-05-08 02:45:46] [INFO] [HTTP] GET /api/shift-management/week?startDate=2026-05-07 200 12ms [Guest]
[2026-05-08 02:45:48] [INFO] [HTTP] GET /api/shift-management/days/2026-05-08/attendance 304 2ms [Guest]
[2026-05-08 02:45:48] [INFO] [HTTP] GET /api/shift-management/days/2026-05-08/shifts 304 7ms [Guest]
[2026-05-08 02:45:48] [INFO] [HTTP] GET /api/shift-management/week?startDate=2026-05-08 304 11ms [Guest]
[2026-05-08 02:45:53] [INFO] [HTTP] GET /shift-management 200 2ms [Guest]
[2026-05-08 02:45:53] [INFO] [HTTP] GET /assets/index-BesE_EV3.css 200 1ms [Guest]
[2026-05-08 02:45:53] [INFO] [HTTP] GET /assets/index-wsG1sYIn.js 200 5ms [Guest]
[2026-05-08 02:45:53] [INFO] [HTTP] GET /vite.svg 200 2ms [Guest]
[2026-05-08 02:45:53] [INFO] [HTTP] GET /vite.svg 304 1ms [Guest]
[2026-05-08 02:45:55] [INFO] [AUTH] --- LOGIN ATTEMPT --- Username: phuong
[2026-05-08 02:45:55] [INFO] [AUTH] => Đã tìm thấy user: phuong
[2026-05-08 02:45:55] [INFO] [AUTH] => Kết quả so khớp mật khẩu cho phuong: true
[2026-05-08 02:45:55] [INFO] [HTTP] POST /api/auth/login 200 99ms [Guest]
[2026-05-08 02:45:55] [INFO] [HTTP] GET /api/auth/me 200 5ms [User:user-004]
[2026-05-08 02:45:55] [INFO] [HTTP] GET /api/tasks/my 200 8ms [User:user-004]
[2026-05-08 02:45:55] [INFO] [HTTP] GET /api/worklogs/my 200 6ms [User:user-004]
[2026-05-08 02:45:55] [INFO] [HTTP] GET /api/attendance/my-status 200 6ms [User:user-004]
[2026-05-08 02:45:55] [INFO] [HTTP] GET /vite.svg 304 1ms [Guest]
[2026-05-08 02:45:55] [INFO] [HTTP] GET /api/shift-management/my-shift-today 200 6ms [User:user-004]
[2026-05-08 02:46:09] [INFO] [HTTP] GET /api/shift-management/shifts/si_MORNING_20260508/attendance 304 4ms [Guest]
[2026-05-08 02:46:11] [INFO] [HTTP] GET /api/users 304 5ms [User:admin-001]
[2026-05-08 02:46:11] [INFO] [HTTP] GET /api/shift-management/templates 200 7ms [Guest]
[2026-05-08 02:46:11] [INFO] [HTTP] GET /vite.svg 304 4ms [Guest]
[2026-05-08 02:46:11] [INFO] [HTTP] GET /api/tasks 304 10ms [User:admin-001]
[2026-05-08 02:46:11] [INFO] [HTTP] GET /api/projects 304 17ms [User:admin-001]
[2026-05-08 02:46:11] [INFO] [HTTP] GET /api/tasks 304 3ms [User:admin-001]
[2026-05-08 02:46:25] [INFO] [HTTP] POST /api/tasks 201 10ms [User:admin-001]
[2026-05-08 02:46:25] [INFO] [HTTP] GET /api/tasks 200 4ms [User:admin-001]
[2026-05-08 02:46:28] [INFO] [HTTP] GET /worklog 200 1ms [Guest]
[2026-05-08 02:46:28] [INFO] [HTTP] GET /assets/index-wsG1sYIn.js 304 1ms [Guest]
[2026-05-08 02:46:28] [INFO] [HTTP] GET /assets/index-BesE_EV3.css 304 0ms [Guest]
[2026-05-08 02:46:28] [INFO] [HTTP] GET /api/auth/me 304 2ms [User:user-004]
[2026-05-08 02:46:28] [INFO] [HTTP] GET /vite.svg 304 1ms [Guest]
[2026-05-08 02:46:28] [INFO] [HTTP] GET /api/tasks/my 200 4ms [User:user-004]
[2026-05-08 02:46:28] [INFO] [HTTP] GET /api/attendance/my-status 304 2ms [User:user-004]
[2026-05-08 02:46:28] [INFO] [HTTP] GET /api/worklogs/my 304 4ms [User:user-004]
[2026-05-08 02:46:28] [INFO] [HTTP] GET /api/shift-management/my-shift-today 304 4ms [User:user-004]
[2026-05-08 02:46:32] [INFO] [HTTP] GET /worklog 304 1ms [Guest]
[2026-05-08 02:46:32] [INFO] [HTTP] GET /assets/index-wsG1sYIn.js 304 0ms [Guest]
[2026-05-08 02:46:32] [INFO] [HTTP] GET /assets/index-BesE_EV3.css 304 1ms [Guest]
[2026-05-08 02:46:32] [INFO] [HTTP] GET /api/auth/me 304 3ms [User:user-004]
[2026-05-08 02:46:32] [INFO] [HTTP] GET /vite.svg 304 2ms [Guest]
[2026-05-08 02:46:32] [INFO] [HTTP] GET /api/attendance/my-status 304 2ms [User:user-004]
[2026-05-08 02:46:32] [INFO] [HTTP] GET /api/tasks/my 304 6ms [User:user-004]
[2026-05-08 02:46:32] [INFO] [HTTP] GET /api/worklogs/my 304 7ms [User:user-004]
[2026-05-08 02:46:32] [INFO] [HTTP] GET /api/shift-management/my-shift-today 304 3ms [User:user-004]
[2026-05-08 02:46:33] [INFO] [HTTP] GET /worklog 304 1ms [Guest]
[2026-05-08 02:46:33] [INFO] [HTTP] GET /assets/index-wsG1sYIn.js 304 1ms [Guest]
[2026-05-08 02:46:33] [INFO] [HTTP] GET /assets/index-BesE_EV3.css 304 1ms [Guest]
[2026-05-08 02:46:33] [INFO] [HTTP] GET /api/auth/me 304 2ms [User:user-004]
[2026-05-08 02:46:33] [INFO] [HTTP] GET /vite.svg 304 1ms [Guest]
[2026-05-08 02:46:33] [INFO] [HTTP] GET /api/tasks/my 304 3ms [User:user-004]
[2026-05-08 02:46:33] [INFO] [HTTP] GET /api/worklogs/my 304 3ms [User:user-004]
[2026-05-08 02:46:33] [INFO] [HTTP] GET /api/attendance/my-status 304 3ms [User:user-004]
[2026-05-08 02:46:33] [INFO] [HTTP] GET /api/shift-management/my-shift-today 304 4ms [User:user-004]
[2026-05-08 02:46:33] [INFO] [HTTP] GET /worklog 304 1ms [Guest]
[2026-05-08 02:46:33] [INFO] [HTTP] GET /assets/index-wsG1sYIn.js 304 1ms [Guest]
[2026-05-08 02:46:33] [INFO] [HTTP] GET /assets/index-BesE_EV3.css 304 0ms [Guest]
[2026-05-08 02:46:33] [INFO] [HTTP] GET /api/auth/me 304 2ms [User:user-004]
[2026-05-08 02:46:33] [INFO] [HTTP] GET /vite.svg 304 2ms [Guest]
[2026-05-08 02:46:33] [INFO] [HTTP] GET /api/tasks/my 304 4ms [User:user-004]
[2026-05-08 02:46:33] [INFO] [HTTP] GET /api/worklogs/my 304 4ms [User:user-004]
[2026-05-08 02:46:33] [INFO] [HTTP] GET /api/attendance/my-status 304 4ms [User:user-004]
[2026-05-08 02:46:33] [INFO] [HTTP] GET /api/shift-management/my-shift-today 304 5ms [User:user-004]
[2026-05-08 02:46:38] [INFO] [HTTP] PUT /api/tasks/ed238ecc-d38a-45dc-aeff-68e31c30ba72 200 8ms [User:admin-001]
[2026-05-08 02:46:38] [INFO] [HTTP] GET /api/tasks 200 2ms [User:admin-001]
[2026-05-08 02:46:40] [INFO] [HTTP] GET /worklog 304 1ms [Guest]
[2026-05-08 02:46:40] [INFO] [HTTP] GET /assets/index-wsG1sYIn.js 304 1ms [Guest]
[2026-05-08 02:46:40] [INFO] [HTTP] GET /assets/index-BesE_EV3.css 304 1ms [Guest]
[2026-05-08 02:46:40] [INFO] [HTTP] GET /api/auth/me 304 2ms [User:user-004]
[2026-05-08 02:46:40] [INFO] [HTTP] GET /vite.svg 304 2ms [Guest]
[2026-05-08 02:46:40] [INFO] [HTTP] GET /api/tasks/my 200 5ms [User:user-004]
[2026-05-08 02:46:40] [INFO] [HTTP] GET /api/worklogs/my 304 4ms [User:user-004]
[2026-05-08 02:46:40] [INFO] [HTTP] GET /api/attendance/my-status 304 5ms [User:user-004]
[2026-05-08 02:46:40] [INFO] [HTTP] GET /api/shift-management/my-shift-today 304 4ms [User:user-004]
[2026-05-08 02:46:41] [INFO] [HTTP] GET /worklog 304 1ms [Guest]
[2026-05-08 02:46:41] [INFO] [HTTP] GET /assets/index-wsG1sYIn.js 304 1ms [Guest]
[2026-05-08 02:46:41] [INFO] [HTTP] GET /assets/index-BesE_EV3.css 304 1ms [Guest]
[2026-05-08 02:46:41] [INFO] [HTTP] GET /api/auth/me 304 3ms [User:user-004]
[2026-05-08 02:46:41] [INFO] [HTTP] GET /vite.svg 304 1ms [Guest]
[2026-05-08 02:46:41] [INFO] [HTTP] GET /api/tasks/my 304 6ms [User:user-004]
[2026-05-08 02:46:41] [INFO] [HTTP] GET /api/worklogs/my 304 6ms [User:user-004]
[2026-05-08 02:46:41] [INFO] [HTTP] GET /api/attendance/my-status 304 6ms [User:user-004]
[2026-05-08 02:46:41] [INFO] [HTTP] GET /api/shift-management/my-shift-today 304 4ms [User:user-004]
[2026-05-08 02:46:41] [INFO] [HTTP] GET /worklog 304 1ms [Guest]
[2026-05-08 02:46:41] [INFO] [HTTP] GET /assets/index-wsG1sYIn.js 304 0ms [Guest]
[2026-05-08 02:46:41] [INFO] [HTTP] GET /assets/index-BesE_EV3.css 304 1ms [Guest]
[2026-05-08 02:46:41] [INFO] [HTTP] GET /api/auth/me 304 3ms [User:user-004]
[2026-05-08 02:46:41] [INFO] [HTTP] GET /vite.svg 304 2ms [Guest]
[2026-05-08 02:46:41] [INFO] [HTTP] GET /api/tasks/my 304 3ms [User:user-004]
[2026-05-08 02:46:41] [INFO] [HTTP] GET /api/worklogs/my 304 3ms [User:user-004]
[2026-05-08 02:46:41] [INFO] [HTTP] GET /api/attendance/my-status 304 3ms [User:user-004]
[2026-05-08 02:46:41] [INFO] [HTTP] GET /api/shift-management/my-shift-today 304 3ms [User:user-004]
[2026-05-08 02:46:41] [INFO] [HTTP] GET /worklog 304 1ms [Guest]
[2026-05-08 02:46:41] [INFO] [HTTP] GET /assets/index-wsG1sYIn.js 304 0ms [Guest]
[2026-05-08 02:46:41] [INFO] [HTTP] GET /assets/index-BesE_EV3.css 304 1ms [Guest]
[2026-05-08 02:46:41] [INFO] [HTTP] GET /api/auth/me 304 2ms [User:user-004]
[2026-05-08 02:46:41] [INFO] [HTTP] GET /vite.svg 304 1ms [Guest]
[2026-05-08 02:46:41] [INFO] [HTTP] GET /api/tasks/my 304 3ms [User:user-004]
[2026-05-08 02:46:41] [INFO] [HTTP] GET /api/worklogs/my 304 2ms [User:user-004]
[2026-05-08 02:46:41] [INFO] [HTTP] GET /api/attendance/my-status 304 3ms [User:user-004]
[2026-05-08 02:46:41] [INFO] [HTTP] GET /api/shift-management/my-shift-today 304 3ms [User:user-004]
[2026-05-08 02:46:41] [INFO] [HTTP] GET /worklog 304 1ms [Guest]
[2026-05-08 02:46:41] [INFO] [HTTP] GET /assets/index-wsG1sYIn.js 304 0ms [Guest]
[2026-05-08 02:46:41] [INFO] [HTTP] GET /assets/index-BesE_EV3.css 304 1ms [Guest]
[2026-05-08 02:46:41] [INFO] [HTTP] GET /api/auth/me 304 3ms [User:user-004]
[2026-05-08 02:46:41] [INFO] [HTTP] GET /vite.svg 304 2ms [Guest]
[2026-05-08 02:46:41] [INFO] [HTTP] GET /api/tasks/my 304 3ms [User:user-004]
[2026-05-08 02:46:41] [INFO] [HTTP] GET /api/worklogs/my 304 3ms [User:user-004]
[2026-05-08 02:46:41] [INFO] [HTTP] GET /api/attendance/my-status 304 3ms [User:user-004]
[2026-05-08 02:46:41] [INFO] [HTTP] GET /api/shift-management/my-shift-today 304 4ms [User:user-004]
[2026-05-08 02:46:41] [INFO] [HTTP] GET /worklog 304 1ms [Guest]
[2026-05-08 02:46:41] [INFO] [HTTP] GET /assets/index-wsG1sYIn.js 304 0ms [Guest]
[2026-05-08 02:46:41] [INFO] [HTTP] GET /assets/index-BesE_EV3.css 304 0ms [Guest]
[2026-05-08 02:46:41] [INFO] [HTTP] GET /api/auth/me 304 2ms [User:user-004]
[2026-05-08 02:46:41] [INFO] [HTTP] GET /vite.svg 304 2ms [Guest]
[2026-05-08 02:46:41] [INFO] [HTTP] GET /api/tasks/my 304 3ms [User:user-004]
[2026-05-08 02:46:41] [INFO] [HTTP] GET /api/worklogs/my 304 3ms [User:user-004]
[2026-05-08 02:46:41] [INFO] [HTTP] GET /api/attendance/my-status 304 2ms [User:user-004]
[2026-05-08 02:46:41] [INFO] [HTTP] GET /api/shift-management/my-shift-today 304 4ms [User:user-004]
[2026-05-08 02:46:41] [INFO] [HTTP] GET /worklog 304 1ms [Guest]
[2026-05-08 02:46:42] [INFO] [HTTP] GET /assets/index-BesE_EV3.css 304 1ms [Guest]
[2026-05-08 02:46:42] [INFO] [HTTP] GET /assets/index-wsG1sYIn.js 304 1ms [Guest]
[2026-05-08 02:46:42] [INFO] [HTTP] GET /api/auth/me 304 2ms [User:user-004]
[2026-05-08 02:46:42] [INFO] [HTTP] GET /vite.svg 304 1ms [Guest]
[2026-05-08 02:46:42] [INFO] [HTTP] GET /api/tasks/my 304 4ms [User:user-004]
[2026-05-08 02:46:42] [INFO] [HTTP] GET /api/worklogs/my 304 4ms [User:user-004]
[2026-05-08 02:46:42] [INFO] [HTTP] GET /api/attendance/my-status 304 4ms [User:user-004]
[2026-05-08 02:46:42] [INFO] [HTTP] GET /api/shift-management/my-shift-today 304 3ms [User:user-004]
[2026-05-08 02:46:42] [INFO] [HTTP] GET /worklog 304 0ms [Guest]
[2026-05-08 02:46:42] [INFO] [HTTP] GET /assets/index-wsG1sYIn.js 304 1ms [Guest]
[2026-05-08 02:46:42] [INFO] [HTTP] GET /assets/index-BesE_EV3.css 304 1ms [Guest]
[2026-05-08 02:46:42] [INFO] [HTTP] GET /api/auth/me 304 1ms [User:user-004]
[2026-05-08 02:46:42] [INFO] [HTTP] GET /vite.svg 304 1ms [Guest]
[2026-05-08 02:46:42] [INFO] [HTTP] GET /api/tasks/my 304 3ms [User:user-004]
[2026-05-08 02:46:42] [INFO] [HTTP] GET /api/worklogs/my 304 3ms [User:user-004]
[2026-05-08 02:46:42] [INFO] [HTTP] GET /api/attendance/my-status 304 3ms [User:user-004]
[2026-05-08 02:46:42] [INFO] [HTTP] GET /api/shift-management/my-shift-today 304 4ms [User:user-004]
[2026-05-08 02:46:46] [INFO] [HTTP] GET /vite.svg 304 1ms [Guest]
[2026-05-08 02:46:48] [INFO] [AUTH] --- LOGIN ATTEMPT --- Username: phuong
[2026-05-08 02:46:48] [INFO] [AUTH] => Đã tìm thấy user: phuong
[2026-05-08 02:46:48] [INFO] [AUTH] => Kết quả so khớp mật khẩu cho phuong: true
[2026-05-08 02:46:48] [INFO] [HTTP] POST /api/auth/login 200 64ms [Guest]
[2026-05-08 02:46:48] [INFO] [HTTP] GET /api/auth/me 304 7ms [User:user-004]
[2026-05-08 02:46:48] [INFO] [HTTP] GET /api/tasks/my 304 6ms [User:user-004]
[2026-05-08 02:46:48] [INFO] [HTTP] GET /api/worklogs/my 304 6ms [User:user-004]
[2026-05-08 02:46:48] [INFO] [HTTP] GET /api/attendance/my-status 304 5ms [User:user-004]
[2026-05-08 02:46:48] [INFO] [HTTP] GET /vite.svg 304 4ms [Guest]
[2026-05-08 02:46:48] [INFO] [HTTP] GET /api/shift-management/my-shift-today 304 5ms [User:user-004]
[2026-05-08 02:47:18] [INFO] [HTTP] GET /api/users 304 4ms [User:admin-001]
[2026-05-08 02:47:18] [INFO] [HTTP] GET /vite.svg 304 2ms [Guest]
[2026-05-08 02:47:18] [INFO] [HTTP] GET /api/worklogs/report 304 6ms [User:admin-001]
[2026-05-08 02:47:18] [INFO] [HTTP] GET /api/projects 304 12ms [User:admin-001]
[2026-05-08 02:47:21] [INFO] [HTTP] GET /api/users 304 4ms [User:admin-001]
[2026-05-08 02:47:21] [INFO] [HTTP] GET /api/attendance/report?start_date=2026-05-03&end_date=2026-05-08 304 5ms [User:admin-001]
[2026-05-08 02:47:21] [INFO] [HTTP] GET /vite.svg 304 3ms [Guest]
[2026-05-08 02:47:48] [INFO] [HTTP] GET /api/shift-management/my-shift-today 304 4ms [User:user-004]
[2026-05-08 02:48:49] [INFO] [HTTP] GET /api/shift-management/my-shift-today 304 5ms [User:user-004]
[2026-05-08 02:49:15] [INFO] [HTTP] GET /api/health 200 2ms [Guest]
[2026-05-08 02:49:27] [INFO] [AUTH] --- LOGIN ATTEMPT --- Username: admin
[2026-05-08 02:49:27] [INFO] [AUTH] => Đã tìm thấy user: admin
[2026-05-08 02:49:27] [INFO] [AUTH] => Kết quả so khớp mật khẩu cho admin: true
[2026-05-08 02:49:27] [INFO] [HTTP] POST /api/auth/login 200 66ms [Guest]
[2026-05-08 02:49:27] [INFO] [HTTP] GET /api/worklogs/dashboard 401 1ms [Guest]
[2026-05-08 02:49:33] [INFO] [AUTH] --- LOGIN ATTEMPT --- Username: admin
[2026-05-08 02:49:33] [INFO] [AUTH] => Đã tìm thấy user: admin
[2026-05-08 02:49:33] [INFO] [AUTH] => Kết quả so khớp mật khẩu cho admin: true
[2026-05-08 02:49:33] [INFO] [HTTP] POST /api/auth/login 200 66ms [Guest]
[2026-05-08 02:49:33] [INFO] [HTTP] GET /api/worklogs/dashboard 200 3ms [User:admin-001]
[2026-05-08 02:49:44] [INFO] [AUTH] --- LOGIN ATTEMPT --- Username: admin
[2026-05-08 02:49:44] [INFO] [AUTH] => Đã tìm thấy user: admin
[2026-05-08 02:49:44] [INFO] [AUTH] => Kết quả so khớp mật khẩu cho admin: true
[2026-05-08 02:49:44] [INFO] [HTTP] POST /api/auth/login 200 64ms [Guest]
[2026-05-08 02:49:44] [INFO] [HTTP] GET /api/worklogs/report 200 2ms [User:admin-001]
[2026-05-08 02:49:44] [INFO] [AUTH] --- LOGIN ATTEMPT --- Username: phuong
[2026-05-08 02:49:44] [INFO] [AUTH] => Đã tìm thấy user: phuong
[2026-05-08 02:49:44] [INFO] [AUTH] => Kết quả so khớp mật khẩu cho phuong: true
[2026-05-08 02:49:44] [INFO] [HTTP] POST /api/auth/login 200 64ms [Guest]
[2026-05-08 02:49:44] [INFO] [HTTP] GET /api/shift-management/my-shift-today 200 4ms [User:user-004]
[2026-05-08 02:49:49] [INFO] [HTTP] GET /api/shift-management/my-shift-today 304 7ms [User:user-004]
[2026-05-08 02:50:13] [INFO] [AUTH] --- LOGIN ATTEMPT --- Username: admin
[2026-05-08 02:50:13] [INFO] [AUTH] => Đã tìm thấy user: admin
[2026-05-08 02:50:13] [INFO] [AUTH] => Kết quả so khớp mật khẩu cho admin: true
[2026-05-08 02:50:13] [INFO] [HTTP] POST /api/auth/login 200 67ms [Guest]
[2026-05-08 02:50:13] [INFO] [HTTP] GET /api/worklogs/my 200 2ms [User:admin-001]
[2026-05-08 02:50:13] [INFO] [HTTP] GET /api/attendance/report?start_date=2026-05-01&end_date=2026-05-08 200 1ms [User:admin-001]
[2026-05-08 02:50:13] [INFO] [HTTP] GET /api/shift-management/days/2026-05-08/shifts 200 5ms [Guest]
[2026-05-08 02:50:49] [INFO] [HTTP] GET /api/shift-management/my-shift-today 304 5ms [User:user-004]
[2026-05-08 02:51:49] [INFO] [HTTP] GET /api/shift-management/my-shift-today 304 6ms [User:user-004]
[2026-05-08 02:52:01] [INFO] [AUTH] --- LOGIN ATTEMPT --- Username: admin
[2026-05-08 02:52:01] [INFO] [AUTH] => Đã tìm thấy user: admin
[2026-05-08 02:52:01] [INFO] [AUTH] => Kết quả so khớp mật khẩu cho admin: true
[2026-05-08 02:52:01] [INFO] [HTTP] POST /api/auth/login 200 64ms [Guest]
[2026-05-08 02:52:01] [INFO] [HTTP] GET /api/worklogs/my 200 2ms [User:admin-001]
[2026-05-08 02:52:01] [INFO] [HTTP] GET /api/shift-management/days/2026-05-07/shifts 200 4ms [Guest]
[2026-05-08 02:52:02] [INFO] [HTTP] GET /api/tasks 200 2ms [User:admin-001]
[2026-05-08 02:52:49] [INFO] [HTTP] GET /api/shift-management/my-shift-today 304 6ms [User:user-004]
[2026-05-08 02:53:49] [INFO] [HTTP] GET /api/shift-management/my-shift-today 304 5ms [User:user-004]
[2026-05-08 02:54:50] [INFO] [HTTP] GET /api/shift-management/my-shift-today 304 4ms [User:user-004]
[2026-05-08 02:55:31] [INFO] [SYSTEM] 🚀 Server ready on port 3001
[2026-05-08 02:55:47] [INFO] [AUTH] --- LOGIN ATTEMPT --- Username: admin
[2026-05-08 02:55:47] [INFO] [AUTH] => Đã tìm thấy user: admin
[2026-05-08 02:55:47] [INFO] [AUTH] => Kết quả so khớp mật khẩu cho admin: true
[2026-05-08 02:55:47] [INFO] [HTTP] POST /api/auth/login 200 109ms [Guest]
[2026-05-08 02:55:47] [INFO] [HTTP] GET /api/shift-management/days/2026-05-08/shifts 200 13ms [Guest]
[2026-05-08 02:55:48] [INFO] [HTTP] POST /api/shift-management/shifts/si_MORNING_20260508/assign 201 5ms [User:admin-001]
[2026-05-08 02:55:50] [INFO] [HTTP] GET /api/shift-management/my-shift-today 200 11ms [User:user-004]
[2026-05-08 02:55:51] [INFO] [HTTP] GET /worklog 200 5ms [Guest]
[2026-05-08 02:55:51] [INFO] [HTTP] GET /assets/index-BesE_EV3.css 200 1ms [Guest]
[2026-05-08 02:55:51] [INFO] [HTTP] GET /assets/index-LZewl7B0.js 200 7ms [Guest]
[2026-05-08 02:55:51] [INFO] [HTTP] GET /api/auth/me 304 3ms [User:user-004]
[2026-05-08 02:55:51] [INFO] [HTTP] GET /vite.svg 200 4ms [Guest]
[2026-05-08 02:55:51] [INFO] [HTTP] GET /api/tasks/my 304 6ms [User:user-004]
[2026-05-08 02:55:51] [INFO] [HTTP] GET /api/worklogs/my 304 5ms [User:user-004]
[2026-05-08 02:55:51] [INFO] [HTTP] GET /api/attendance/my-status 304 5ms [User:user-004]
[2026-05-08 02:55:51] [INFO] [HTTP] GET /api/shift-management/my-shift-today 304 6ms [User:user-004]
[2026-05-08 02:55:57] [INFO] [HTTP] GET /vite.svg 304 2ms [Guest]
[2026-05-08 02:55:59] [INFO] [AUTH] --- LOGIN ATTEMPT --- Username: phuong
[2026-05-08 02:55:59] [INFO] [AUTH] => Đã tìm thấy user: phuong
[2026-05-08 02:55:59] [INFO] [AUTH] => Kết quả so khớp mật khẩu cho phuong: true
[2026-05-08 02:55:59] [INFO] [HTTP] POST /api/auth/login 200 67ms [Guest]
[2026-05-08 02:55:59] [INFO] [HTTP] GET /api/auth/me 304 9ms [User:user-004]
[2026-05-08 02:55:59] [INFO] [HTTP] GET /api/tasks/my 304 8ms [User:user-004]
[2026-05-08 02:55:59] [INFO] [HTTP] GET /api/worklogs/my 304 8ms [User:user-004]
[2026-05-08 02:55:59] [INFO] [HTTP] GET /vite.svg 304 4ms [Guest]
[2026-05-08 02:55:59] [INFO] [HTTP] GET /api/attendance/my-status 304 10ms [User:user-004]
[2026-05-08 02:55:59] [INFO] [HTTP] GET /api/shift-management/my-shift-today 304 4ms [User:user-004]
[2026-05-08 02:56:15] [INFO] [HTTP] GET /vite.svg 200 3ms [Guest]
[2026-05-08 02:56:15] [INFO] [HTTP] GET /api/worklogs/dashboard 200 11ms [User:admin-001]
[2026-05-08 02:56:35] [INFO] [AUTH] --- LOGIN ATTEMPT --- Username: phuong
[2026-05-08 02:56:35] [INFO] [AUTH] => Đã tìm thấy user: phuong
[2026-05-08 02:56:35] [INFO] [AUTH] => Kết quả so khớp mật khẩu cho phuong: true
[2026-05-08 02:56:35] [INFO] [HTTP] POST /api/auth/login 200 67ms [Guest]
[2026-05-08 02:56:35] [INFO] [HTTP] GET /api/shift-management/my-shift-today 200 4ms [User:user-004]
[2026-05-08 02:56:50] [INFO] [HTTP] GET /api/project-items 304 3ms [User:admin-001]
[2026-05-08 02:56:50] [INFO] [HTTP] GET /vite.svg 304 1ms [Guest]
[2026-05-08 02:56:56] [INFO] [HTTP] GET /api/users 304 10ms [User:admin-001]
[2026-05-08 02:56:56] [INFO] [HTTP] GET /api/shift-management/templates 304 10ms [Guest]
[2026-05-08 02:56:56] [INFO] [HTTP] GET /api/tasks 304 10ms [User:admin-001]
[2026-05-08 02:56:56] [INFO] [HTTP] GET /vite.svg 304 8ms [Guest]
[2026-05-08 02:56:56] [INFO] [HTTP] GET /api/projects 304 14ms [User:admin-001]
[2026-05-08 02:56:56] [INFO] [HTTP] GET /api/tasks 304 3ms [User:admin-001]
[2026-05-08 02:56:58] [INFO] [HTTP] GET /api/users 304 9ms [User:admin-001]
[2026-05-08 02:56:58] [INFO] [HTTP] GET /vite.svg 304 5ms [Guest]
[2026-05-08 02:56:58] [INFO] [HTTP] GET /api/projects 304 14ms [User:admin-001]
[2026-05-08 02:56:58] [INFO] [HTTP] GET /api/worklogs/report 304 13ms [User:admin-001]
[2026-05-08 02:56:59] [INFO] [HTTP] GET /api/shift-management/my-shift-today 304 12ms [User:user-004]
[2026-05-08 02:57:00] [INFO] [HTTP] GET /api/users 304 5ms [User:admin-001]
[2026-05-08 02:57:00] [INFO] [HTTP] GET /api/attendance/report?start_date=2026-05-03&end_date=2026-05-08 304 4ms [User:admin-001]
[2026-05-08 02:57:00] [INFO] [HTTP] GET /vite.svg 304 3ms [Guest]
[2026-05-08 02:57:01] [INFO] [HTTP] GET /api/users 304 4ms [User:admin-001]
[2026-05-08 02:57:01] [INFO] [HTTP] GET /vite.svg 304 3ms [Guest]
[2026-05-08 02:57:01] [INFO] [HTTP] GET /api/projects 304 10ms [User:admin-001]
[2026-05-08 02:57:01] [INFO] [HTTP] GET /api/worklogs/report 304 7ms [User:admin-001]
[2026-05-08 02:57:02] [INFO] [HTTP] GET /vite.svg 304 1ms [Guest]
[2026-05-08 02:57:02] [INFO] [HTTP] GET /api/worklogs/dashboard 304 7ms [User:admin-001]
[2026-05-08 02:57:03] [INFO] [HTTP] GET /api/worklogs/active 304 8ms [User:admin-001]
[2026-05-08 02:57:03] [INFO] [HTTP] GET /vite.svg 304 1ms [Guest]
[2026-05-08 02:57:09] [INFO] [AUTH] --- LOGIN ATTEMPT --- Username: admin
[2026-05-08 02:57:09] [INFO] [AUTH] => Đã tìm thấy user: admin
[2026-05-08 02:57:09] [INFO] [AUTH] => Kết quả so khớp mật khẩu cho admin: true
[2026-05-08 02:57:09] [INFO] [HTTP] POST /api/auth/login 200 66ms [Guest]
[2026-05-08 02:57:09] [INFO] [HTTP] DELETE /api/shift-management/assignments/sa_user-004_si_MORNING_20260508 200 5ms [User:admin-001]
[2026-05-08 02:57:20] [INFO] [HTTP] GET /worklog 304 1ms [Guest]
[2026-05-08 02:57:20] [INFO] [HTTP] GET /assets/index-BesE_EV3.css 304 1ms [Guest]
[2026-05-08 02:57:20] [INFO] [HTTP] GET /assets/index-LZewl7B0.js 304 2ms [Guest]
[2026-05-08 02:57:20] [INFO] [HTTP] GET /api/auth/me 304 2ms [User:user-004]
[2026-05-08 02:57:20] [INFO] [HTTP] GET /vite.svg 304 2ms [Guest]
[2026-05-08 02:57:20] [INFO] [HTTP] GET /api/worklogs/my 304 3ms [User:user-004]
[2026-05-08 02:57:20] [INFO] [HTTP] GET /api/tasks/my 304 5ms [User:user-004]
[2026-05-08 02:57:20] [INFO] [HTTP] GET /api/attendance/my-status 304 3ms [User:user-004]
[2026-05-08 02:57:20] [INFO] [HTTP] GET /api/shift-management/my-shift-today 200 4ms [User:user-004]
[2026-05-08 02:57:22] [INFO] [HTTP] GET /worklog 304 1ms [Guest]
[2026-05-08 02:57:22] [INFO] [HTTP] GET /assets/index-LZewl7B0.js 304 1ms [Guest]
[2026-05-08 02:57:22] [INFO] [HTTP] GET /assets/index-BesE_EV3.css 304 2ms [Guest]
[2026-05-08 02:57:22] [INFO] [HTTP] GET /api/auth/me 304 2ms [User:user-004]
[2026-05-08 02:57:22] [INFO] [HTTP] GET /vite.svg 304 2ms [Guest]
[2026-05-08 02:57:22] [INFO] [HTTP] GET /api/tasks/my 304 5ms [User:user-004]
[2026-05-08 02:57:22] [INFO] [HTTP] GET /api/worklogs/my 304 5ms [User:user-004]
[2026-05-08 02:57:22] [INFO] [HTTP] GET /api/attendance/my-status 304 5ms [User:user-004]
[2026-05-08 02:57:22] [INFO] [HTTP] GET /api/shift-management/my-shift-today 304 9ms [User:user-004]
[2026-05-08 02:57:23] [INFO] [HTTP] GET /worklog 304 1ms [Guest]
[2026-05-08 02:57:23] [INFO] [HTTP] GET /assets/index-LZewl7B0.js 304 0ms [Guest]
[2026-05-08 02:57:23] [INFO] [HTTP] GET /assets/index-BesE_EV3.css 304 1ms [Guest]
[2026-05-08 02:57:23] [INFO] [HTTP] GET /api/auth/me 304 3ms [User:user-004]
[2026-05-08 02:57:23] [INFO] [HTTP] GET /vite.svg 304 2ms [Guest]
[2026-05-08 02:57:23] [INFO] [HTTP] GET /api/tasks/my 304 3ms [User:user-004]
[2026-05-08 02:57:23] [INFO] [HTTP] GET /api/worklogs/my 304 2ms [User:user-004]
[2026-05-08 02:57:23] [INFO] [HTTP] GET /api/attendance/my-status 304 2ms [User:user-004]
[2026-05-08 02:57:23] [INFO] [HTTP] GET /api/shift-management/my-shift-today 304 4ms [User:user-004]
[2026-05-08 02:57:23] [INFO] [HTTP] GET /worklog 304 1ms [Guest]
[2026-05-08 02:57:23] [INFO] [HTTP] GET /assets/index-LZewl7B0.js 304 1ms [Guest]
[2026-05-08 02:57:23] [INFO] [HTTP] GET /assets/index-BesE_EV3.css 304 1ms [Guest]
[2026-05-08 02:57:23] [INFO] [HTTP] GET /api/auth/me 304 1ms [User:user-004]
[2026-05-08 02:57:23] [INFO] [HTTP] GET /vite.svg 304 1ms [Guest]
[2026-05-08 02:57:23] [INFO] [HTTP] GET /api/tasks/my 304 2ms [User:user-004]
[2026-05-08 02:57:23] [INFO] [HTTP] GET /api/worklogs/my 304 3ms [User:user-004]
[2026-05-08 02:57:23] [INFO] [HTTP] GET /api/attendance/my-status 304 4ms [User:user-004]
[2026-05-08 02:57:23] [INFO] [HTTP] GET /api/shift-management/my-shift-today 304 3ms [User:user-004]
[2026-05-08 02:57:25] [INFO] [HTTP] GET /api/shift-management/days/2026-05-08/attendance 304 4ms [Guest]
[2026-05-08 02:57:25] [INFO] [HTTP] GET /vite.svg 304 4ms [Guest]
[2026-05-08 02:57:25] [INFO] [HTTP] GET /api/shift-management/days/2026-05-08/shifts 200 12ms [Guest]
[2026-05-08 02:57:25] [INFO] [HTTP] GET /api/shift-management/week?startDate=2026-05-08 304 18ms [Guest]
[2026-05-08 02:57:27] [INFO] [HTTP] GET /api/users 304 2ms [User:admin-001]
[2026-05-08 02:57:27] [INFO] [HTTP] GET /vite.svg 304 1ms [Guest]
[2026-05-08 02:57:29] [INFO] [HTTP] GET /api/users 304 4ms [User:admin-001]
[2026-05-08 02:57:29] [INFO] [HTTP] GET /api/shift-management/templates 304 5ms [Guest]
[2026-05-08 02:57:29] [INFO] [HTTP] GET /api/tasks 304 5ms [User:admin-001]
[2026-05-08 02:57:29] [INFO] [HTTP] GET /vite.svg 304 2ms [Guest]
[2026-05-08 02:57:29] [INFO] [HTTP] GET /api/projects 304 12ms [User:admin-001]
[2026-05-08 02:57:29] [INFO] [HTTP] GET /api/tasks 304 3ms [User:admin-001]
[2026-05-08 02:57:50] [INFO] [HTTP] GET /vite.svg 304 1ms [Guest]
[2026-05-08 02:57:50] [INFO] [HTTP] GET /api/worklogs/dashboard 304 8ms [User:admin-001]
[2026-05-08 02:57:51] [INFO] [HTTP] GET /dashboard 200 1ms [Guest]
[2026-05-08 02:57:51] [INFO] [HTTP] GET /assets/index-BesE_EV3.css 200 2ms [Guest]
[2026-05-08 02:57:51] [INFO] [HTTP] GET /assets/index-LZewl7B0.js 200 5ms [Guest]
[2026-05-08 02:57:51] [INFO] [HTTP] GET /api/auth/me 304 2ms [User:admin-001]
[2026-05-08 02:57:51] [INFO] [HTTP] GET /vite.svg 304 2ms [Guest]
[2026-05-08 02:57:51] [INFO] [HTTP] GET /api/worklogs/dashboard 304 4ms [User:admin-001]
[2026-05-08 02:57:52] [INFO] [HTTP] GET /dashboard 304 1ms [Guest]
[2026-05-08 02:57:52] [INFO] [HTTP] GET /assets/index-LZewl7B0.js 304 1ms [Guest]
[2026-05-08 02:57:52] [INFO] [HTTP] GET /assets/index-BesE_EV3.css 304 0ms [Guest]
[2026-05-08 02:57:52] [INFO] [HTTP] GET /api/auth/me 304 3ms [User:admin-001]
[2026-05-08 02:57:52] [INFO] [HTTP] GET /vite.svg 304 1ms [Guest]
[2026-05-08 02:57:52] [INFO] [HTTP] GET /api/worklogs/dashboard 304 6ms [User:admin-001]
[2026-05-08 02:58:24] [INFO] [HTTP] GET /api/shift-management/my-shift-today 304 4ms [User:user-004]
[2026-05-08 02:59:24] [INFO] [HTTP] GET /api/shift-management/my-shift-today 304 5ms [User:user-004]
[2026-05-08 03:00:24] [INFO] [HTTP] GET /api/shift-management/my-shift-today 304 12ms [User:user-004]
[2026-05-08 03:01:24] [INFO] [HTTP] GET /api/shift-management/my-shift-today 304 4ms [User:user-004]
[2026-05-08 03:02:24] [INFO] [HTTP] GET /api/shift-management/my-shift-today 304 13ms [User:user-004]
[2026-05-08 03:03:24] [INFO] [HTTP] GET /api/shift-management/my-shift-today 304 4ms [User:user-004]
[2026-05-08 03:04:24] [INFO] [HTTP] GET /api/shift-management/my-shift-today 304 14ms [User:user-004]
[2026-05-08 03:05:25] [INFO] [HTTP] GET /api/shift-management/my-shift-today 304 5ms [User:user-004]
[2026-05-08 03:06:26] [INFO] [HTTP] GET /api/shift-management/my-shift-today 304 4ms [User:user-004]
[2026-05-08 03:06:56] [INFO] [SYSTEM] 🚀 Server ready on port 3001
[2026-05-08 03:07:23] [INFO] [HTTP] GET /dashboard 304 6ms [Guest]
[2026-05-08 03:07:23] [INFO] [HTTP] GET /assets/index-BesE_EV3.css 304 1ms [Guest]
[2026-05-08 03:07:23] [INFO] [HTTP] GET /assets/index-LZewl7B0.js 304 1ms [Guest]
[2026-05-08 03:07:23] [INFO] [HTTP] GET /vite.svg 304 13ms [Guest]
[2026-05-08 03:07:23] [INFO] [HTTP] GET /api/auth/me 404 36ms [User:admin-001]
[2026-05-08 03:07:23] [INFO] [HTTP] GET /vite.svg 304 1ms [Guest]
[2026-05-08 03:07:24] [INFO] [HTTP] GET /api/shift-management/my-shift-today 304 7ms [User:user-004]
[2026-05-08 03:07:24] [INFO] [AUTH] --- LOGIN ATTEMPT --- Username: admin
[2026-05-08 03:07:24] [INFO] [AUTH] => Đã tìm thấy user: admin
[2026-05-08 03:07:24] [INFO] [AUTH] => Kết quả so khớp mật khẩu cho admin: true
[2026-05-08 03:07:24] [INFO] [HTTP] POST /api/auth/login 200 89ms [Guest]
[2026-05-08 03:07:24] [INFO] [HTTP] GET /api/auth/me 200 6ms [User:u_admin]
[2026-05-08 03:07:24] [INFO] [HTTP] GET /vite.svg 304 2ms [Guest]
[2026-05-08 03:07:24] [INFO] [HTTP] GET /api/worklogs/dashboard 200 19ms [User:u_admin]
[2026-05-08 03:07:26] [INFO] [HTTP] GET /api/project-items 200 4ms [User:u_admin]
[2026-05-08 03:07:26] [INFO] [HTTP] GET /vite.svg 304 1ms [Guest]
[2026-05-08 03:07:29] [INFO] [HTTP] GET /api/users 200 11ms [User:u_admin]
[2026-05-08 03:07:29] [INFO] [HTTP] GET /vite.svg 304 5ms [Guest]
[2026-05-08 03:07:29] [INFO] [HTTP] GET /api/shift-management/templates 200 17ms [Guest]
[2026-05-08 03:07:29] [INFO] [HTTP] GET /api/projects 200 22ms [User:u_admin]
[2026-05-08 03:07:29] [INFO] [HTTP] GET /api/tasks 200 17ms [User:u_admin]
[2026-05-08 03:07:29] [INFO] [HTTP] GET /api/tasks 304 3ms [User:u_admin]
[2026-05-08 03:07:31] [INFO] [HTTP] GET /api/shift-management/week?startDate=2026-05-08 200 9ms [Guest]
[2026-05-08 03:07:31] [INFO] [HTTP] GET /api/users 401 0ms [Guest]
[2026-05-08 03:07:31] [INFO] [HTTP] GET /vite.svg 304 3ms [Guest]
[2026-05-08 03:07:31] [INFO] [HTTP] GET /api/shift-management/days/2026-05-08/attendance 304 7ms [Guest]
[2026-05-08 03:07:31] [INFO] [HTTP] GET /api/shift-management/days/2026-05-08/shifts 200 24ms [Guest]
[2026-05-08 03:07:40] [INFO] [HTTP] GET /api/shift-management/templates 304 2ms [Guest]
[2026-05-08 03:07:46] [INFO] [HTTP] GET /api/users 304 5ms [User:u_admin]
[2026-05-08 03:07:46] [INFO] [HTTP] GET /api/shift-management/templates 304 5ms [Guest]
[2026-05-08 03:07:46] [INFO] [HTTP] GET /vite.svg 304 4ms [Guest]
[2026-05-08 03:07:46] [INFO] [HTTP] GET /api/tasks 304 7ms [User:u_admin]
[2026-05-08 03:07:46] [INFO] [HTTP] GET /api/projects 304 14ms [User:u_admin]
[2026-05-08 03:07:46] [INFO] [HTTP] GET /api/tasks 304 3ms [User:u_admin]
[2026-05-08 03:07:51] [INFO] [HTTP] GET /api/worklogs/active 304 7ms [User:u_admin]
[2026-05-08 03:07:51] [INFO] [HTTP] GET /vite.svg 304 7ms [Guest]
[2026-05-08 03:08:00] [INFO] [HTTP] GET /worklog 304 2ms [Guest]
[2026-05-08 03:08:00] [INFO] [HTTP] GET /assets/index-LZewl7B0.js 304 0ms [Guest]
[2026-05-08 03:08:00] [INFO] [HTTP] GET /assets/index-BesE_EV3.css 304 1ms [Guest]
[2026-05-08 03:08:00] [INFO] [HTTP] GET /api/auth/me 404 2ms [User:user-004]
[2026-05-08 03:08:00] [INFO] [HTTP] GET /vite.svg 304 2ms [Guest]
[2026-05-08 03:08:00] [INFO] [HTTP] GET /vite.svg 304 1ms [Guest]
[2026-05-08 03:08:02] [INFO] [AUTH] --- LOGIN ATTEMPT --- Username: phuong
[2026-05-08 03:08:02] [INFO] [AUTH] => Đã tìm thấy user: phuong
[2026-05-08 03:08:02] [INFO] [AUTH] => Kết quả so khớp mật khẩu cho phuong: true
[2026-05-08 03:08:02] [INFO] [HTTP] POST /api/auth/login 200 66ms [Guest]
[2026-05-08 03:08:02] [INFO] [HTTP] GET /api/auth/me 200 1ms [User:u_phuong]
[2026-05-08 03:08:02] [INFO] [HTTP] GET /api/tasks/my 200 7ms [User:u_phuong]
[2026-05-08 03:08:02] [INFO] [HTTP] GET /api/worklogs/my 200 7ms [User:u_phuong]
[2026-05-08 03:08:02] [INFO] [HTTP] GET /api/attendance/my-status 304 6ms [User:u_phuong]
[2026-05-08 03:08:02] [INFO] [HTTP] GET /vite.svg 304 5ms [Guest]
[2026-05-08 03:08:02] [INFO] [HTTP] GET /api/shift-management/my-shift-today 200 7ms [User:u_phuong]
[2026-05-08 03:09:03] [INFO] [HTTP] GET /api/shift-management/my-shift-today 304 15ms [User:u_phuong]
[2026-05-08 03:09:29] [INFO] [HTTP] GET /api/users 304 4ms [User:u_admin]
[2026-05-08 03:09:29] [INFO] [HTTP] GET /api/shift-management/templates 304 4ms [Guest]
[2026-05-08 03:09:29] [INFO] [HTTP] GET /api/tasks 304 7ms [User:u_admin]
[2026-05-08 03:09:29] [INFO] [HTTP] GET /vite.svg 304 5ms [Guest]
[2026-05-08 03:09:29] [INFO] [HTTP] GET /api/projects 304 12ms [User:u_admin]
[2026-05-08 03:09:29] [INFO] [HTTP] GET /api/tasks 304 3ms [User:u_admin]
[2026-05-08 03:09:41] [INFO] [HTTP] PUT /api/tasks/t_003 200 7ms [User:u_admin]
[2026-05-08 03:09:41] [INFO] [HTTP] GET /api/tasks 200 4ms [User:u_admin]
[2026-05-08 03:09:43] [INFO] [HTTP] GET /worklog 304 0ms [Guest]
[2026-05-08 03:09:43] [INFO] [HTTP] GET /assets/index-LZewl7B0.js 304 1ms [Guest]
[2026-05-08 03:09:43] [INFO] [HTTP] GET /assets/index-BesE_EV3.css 304 1ms [Guest]
[2026-05-08 03:09:43] [INFO] [HTTP] GET /api/auth/me 304 1ms [User:u_phuong]
[2026-05-08 03:09:43] [INFO] [HTTP] GET /vite.svg 304 2ms [Guest]
[2026-05-08 03:09:43] [INFO] [HTTP] GET /api/worklogs/my 200 2ms [User:u_phuong]
[2026-05-08 03:09:43] [INFO] [HTTP] GET /api/tasks/my 200 5ms [User:u_phuong]
[2026-05-08 03:09:43] [INFO] [HTTP] GET /api/attendance/my-status 304 4ms [User:u_phuong]
[2026-05-08 03:09:43] [INFO] [HTTP] GET /api/shift-management/my-shift-today 304 5ms [User:u_phuong]
[2026-05-08 03:09:44] [INFO] [HTTP] GET /worklog 304 1ms [Guest]
[2026-05-08 03:09:44] [INFO] [HTTP] GET /assets/index-LZewl7B0.js 304 1ms [Guest]
[2026-05-08 03:09:44] [INFO] [HTTP] GET /assets/index-BesE_EV3.css 304 2ms [Guest]
[2026-05-08 03:09:44] [INFO] [HTTP] GET /api/auth/me 304 2ms [User:u_phuong]
[2026-05-08 03:09:44] [INFO] [HTTP] GET /vite.svg 304 0ms [Guest]
[2026-05-08 03:09:44] [INFO] [HTTP] GET /api/tasks/my 304 4ms [User:u_phuong]
[2026-05-08 03:09:44] [INFO] [HTTP] GET /api/worklogs/my 304 4ms [User:u_phuong]
[2026-05-08 03:09:44] [INFO] [HTTP] GET /api/attendance/my-status 304 5ms [User:u_phuong]
[2026-05-08 03:09:44] [INFO] [HTTP] GET /api/shift-management/my-shift-today 304 5ms [User:u_phuong]
[2026-05-08 03:09:44] [INFO] [HTTP] GET /worklog 304 0ms [Guest]
[2026-05-08 03:09:44] [INFO] [HTTP] GET /assets/index-LZewl7B0.js 304 0ms [Guest]
[2026-05-08 03:09:44] [INFO] [HTTP] GET /assets/index-BesE_EV3.css 304 1ms [Guest]
[2026-05-08 03:09:44] [INFO] [HTTP] GET /api/auth/me 304 2ms [User:u_phuong]
[2026-05-08 03:09:44] [INFO] [HTTP] GET /vite.svg 304 1ms [Guest]
[2026-05-08 03:09:44] [INFO] [HTTP] GET /api/worklogs/my 304 3ms [User:u_phuong]
[2026-05-08 03:09:44] [INFO] [HTTP] GET /api/attendance/my-status 304 3ms [User:u_phuong]
[2026-05-08 03:09:44] [INFO] [HTTP] GET /api/tasks/my 304 5ms [User:u_phuong]
[2026-05-08 03:09:44] [INFO] [HTTP] GET /api/shift-management/my-shift-today 304 4ms [User:u_phuong]
[2026-05-08 03:09:45] [INFO] [HTTP] GET /worklog 304 1ms [Guest]
[2026-05-08 03:09:45] [INFO] [HTTP] GET /assets/index-LZewl7B0.js 304 1ms [Guest]
[2026-05-08 03:09:45] [INFO] [HTTP] GET /assets/index-BesE_EV3.css 304 1ms [Guest]
[2026-05-08 03:09:45] [INFO] [HTTP] GET /api/auth/me 304 1ms [User:u_phuong]
[2026-05-08 03:09:45] [INFO] [HTTP] GET /vite.svg 304 1ms [Guest]
[2026-05-08 03:09:45] [INFO] [HTTP] GET /api/tasks/my 304 2ms [User:u_phuong]
[2026-05-08 03:09:45] [INFO] [HTTP] GET /api/attendance/my-status 304 2ms [User:u_phuong]
[2026-05-08 03:09:45] [INFO] [HTTP] GET /api/worklogs/my 304 3ms [User:u_phuong]
[2026-05-08 03:09:45] [INFO] [HTTP] GET /api/shift-management/my-shift-today 304 5ms [User:u_phuong]
[2026-05-08 03:10:45] [INFO] [HTTP] GET /api/shift-management/my-shift-today 304 6ms [User:u_phuong]
[2026-05-08 03:11:45] [INFO] [HTTP] GET /api/shift-management/my-shift-today 304 9ms [User:u_phuong]
[2026-05-08 03:12:45] [INFO] [HTTP] GET /api/shift-management/my-shift-today 304 16ms [User:u_phuong]
[2026-05-08 03:13:05] [INFO] [AUTH] --- LOGIN ATTEMPT --- Username: admin
[2026-05-08 03:13:05] [INFO] [AUTH] => Đã tìm thấy user: admin
[2026-05-08 03:13:05] [INFO] [AUTH] => Kết quả so khớp mật khẩu cho admin: true
[2026-05-08 03:13:05] [INFO] [HTTP] POST /api/auth/login 200 65ms [Guest]
[2026-05-08 03:13:05] [INFO] [HTTP] PUT /api/shift-management/templates/st_morning 200 2ms [Guest]
[2026-05-08 03:13:05] [INFO] [HTTP] PUT /api/shift-management/templates/st_afternoon 200 2ms [Guest]
[2026-05-08 03:13:06] [INFO] [HTTP] PUT /api/shift-management/templates/st_evening 200 2ms [Guest]
[2026-05-08 03:13:45] [INFO] [HTTP] GET /api/shift-management/my-shift-today 200 6ms [User:u_phuong]
[2026-05-08 03:13:54] [INFO] [SYSTEM] 🚀 Server ready on port 3001
[2026-05-08 03:13:59] [INFO] [HTTP] GET /api/users 401 3ms [Guest]
[2026-05-08 03:13:59] [INFO] [HTTP] GET /vite.svg 304 14ms [Guest]
[2026-05-08 03:13:59] [INFO] [HTTP] GET /api/shift-management/days/2026-05-08/attendance 304 27ms [Guest]
[2026-05-08 03:13:59] [INFO] [HTTP] GET /api/shift-management/days/2026-05-08/shifts 200 42ms [Guest]
[2026-05-08 03:13:59] [INFO] [HTTP] GET /api/shift-management/week?startDate=2026-05-08 304 60ms [Guest]
[2026-05-08 03:14:13] [INFO] [HTTP] GET /api/shift-management/shifts/si_MORNING_20260508/attendance 304 4ms [Guest]
[2026-05-08 03:14:15] [INFO] [HTTP] GET /api/shift-management/templates 200 2ms [Guest]
[2026-05-08 03:14:22] [INFO] [AUTH] --- LOGIN ATTEMPT --- Username: phuong
[2026-05-08 03:14:22] [INFO] [AUTH] => Đã tìm thấy user: phuong
[2026-05-08 03:14:23] [INFO] [AUTH] => Kết quả so khớp mật khẩu cho phuong: true
[2026-05-08 03:14:23] [INFO] [HTTP] POST /api/auth/login 200 76ms [Guest]
[2026-05-08 03:14:23] [INFO] [HTTP] GET /api/shift-management/my-shift-today 200 7ms [User:u_phuong]
[2026-05-08 03:14:45] [INFO] [HTTP] GET /api/shift-management/my-shift-today 304 5ms [User:u_phuong]
[2026-05-08 03:15:45] [INFO] [HTTP] GET /api/shift-management/my-shift-today 304 7ms [User:u_phuong]
[2026-05-08 03:17:23] [INFO] [HTTP] GET /api/shift-management/my-shift-today 304 6ms [User:u_phuong]
[2026-05-08 03:18:23] [INFO] [HTTP] GET /api/shift-management/my-shift-today 304 5ms [User:u_phuong]
[2026-05-08 03:19:11] [INFO] [HTTP] GET /api/shift-management/my-shift-today 304 6ms [User:u_phuong]
[2026-05-08 03:19:45] [INFO] [HTTP] GET /api/shift-management/my-shift-today 304 3ms [User:u_phuong]
[2026-05-08 03:20:45] [INFO] [HTTP] GET /api/shift-management/my-shift-today 304 8ms [User:u_phuong]
[2026-05-08 03:21:03] [INFO] [HTTP] POST /api/shift-management/staff-check-in 200 9ms [User:u_phuong]
[2026-05-08 03:21:03] [INFO] [HTTP] GET /api/shift-management/my-shift-today 200 7ms [User:u_phuong]
[2026-05-08 03:21:03] [INFO] [HTTP] GET /api/tasks/my 200 8ms [User:u_phuong]
[2026-05-08 03:21:03] [INFO] [HTTP] GET /api/worklogs/my 200 7ms [User:u_phuong]
[2026-05-08 03:21:03] [INFO] [HTTP] GET /api/attendance/my-status 200 6ms [User:u_phuong]
[2026-05-08 03:21:45] [INFO] [HTTP] GET /api/shift-management/my-shift-today 304 10ms [User:u_phuong]
[2026-05-08 03:23:23] [INFO] [HTTP] GET /api/shift-management/my-shift-today 304 4ms [User:u_phuong]
[2026-05-08 03:24:23] [INFO] [HTTP] GET /api/shift-management/my-shift-today 304 5ms [User:u_phuong]
[2026-05-08 03:25:10] [INFO] [AUTH] --- LOGIN ATTEMPT --- Username: admin
[2026-05-08 03:25:10] [INFO] [AUTH] => Đã tìm thấy user: admin
[2026-05-08 03:25:10] [INFO] [AUTH] => Kết quả so khớp mật khẩu cho admin: true
[2026-05-08 03:25:10] [INFO] [HTTP] POST /api/auth/login 200 67ms [Guest]
[2026-05-08 03:25:10] [INFO] [HTTP] PUT /api/shift-management/templates/st_morning 200 3ms [Guest]
[2026-05-08 03:25:10] [INFO] [HTTP] PUT /api/shift-management/templates/st_afternoon 200 2ms [Guest]
[2026-05-08 03:25:10] [INFO] [HTTP] PUT /api/shift-management/templates/st_evening 200 2ms [Guest]
[2026-05-08 03:25:23] [INFO] [HTTP] GET /api/shift-management/my-shift-today 200 5ms [User:u_phuong]
[2026-05-08 03:25:45] [INFO] [HTTP] GET /api/shift-management/my-shift-today 304 4ms [User:u_phuong]
[2026-05-08 03:26:45] [INFO] [SYSTEM] 🚀 Server ready on port 3001
[2026-05-08 03:26:45] [INFO] [HTTP] GET /api/shift-management/my-shift-today 200 45ms [User:u_phuong]
[2026-05-08 03:27:45] [INFO] [HTTP] GET /api/shift-management/my-shift-today 304 15ms [User:u_phuong]
[2026-05-08 03:27:49] [INFO] [AUTH] --- LOGIN ATTEMPT --- Username: phuong
[2026-05-08 03:27:49] [INFO] [AUTH] => Đã tìm thấy user: phuong
[2026-05-08 03:27:49] [INFO] [AUTH] => Kết quả so khớp mật khẩu cho phuong: true
[2026-05-08 03:27:49] [INFO] [HTTP] POST /api/auth/login 200 74ms [Guest]
[2026-05-08 03:27:49] [INFO] [HTTP] GET /api/shift-management/my-shift-today 200 5ms [User:u_phuong]
[2026-05-08 03:27:49] [INFO] [HTTP] POST /api/shift-management/staff-check-in 400 3ms [User:u_phuong]
[2026-05-08 03:28:14] [INFO] [AUTH] --- LOGIN ATTEMPT --- Username: hiep
[2026-05-08 03:28:14] [INFO] [AUTH] => Đã tìm thấy user: hiep
[2026-05-08 03:28:15] [INFO] [AUTH] => Kết quả so khớp mật khẩu cho hiep: true
[2026-05-08 03:28:15] [INFO] [HTTP] POST /api/auth/login 200 66ms [Guest]
[2026-05-08 03:28:15] [INFO] [HTTP] GET /api/shift-management/my-shift-today 200 4ms [User:u_hiep]
[2026-05-08 03:28:15] [INFO] [HTTP] POST /api/shift-management/staff-check-in 200 5ms [User:u_hiep]
[2026-05-08 03:28:23] [INFO] [AUTH] --- LOGIN ATTEMPT --- Username: admin
[2026-05-08 03:28:23] [INFO] [AUTH] => Đã tìm thấy user: admin
[2026-05-08 03:28:24] [INFO] [AUTH] => Kết quả so khớp mật khẩu cho admin: true
[2026-05-08 03:28:24] [INFO] [HTTP] POST /api/auth/login 200 68ms [Guest]
[2026-05-08 03:28:45] [INFO] [HTTP] GET /api/shift-management/my-shift-today 304 6ms [User:u_phuong]
[2026-05-08 03:29:45] [INFO] [HTTP] GET /api/shift-management/my-shift-today 304 6ms [User:u_phuong]
[2026-05-08 03:31:19] [INFO] [HTTP] GET /api/shift-management/my-shift-today 304 6ms [User:u_phuong]
[2026-05-08 03:31:21] [INFO] [HTTP] GET /shift-management 200 5ms [Guest]
[2026-05-08 03:31:21] [INFO] [HTTP] GET /assets/index-BesE_EV3.css 200 3ms [Guest]
[2026-05-08 03:31:21] [INFO] [HTTP] GET /assets/index-BEZTsYRl.js 200 7ms [Guest]
[2026-05-08 03:31:21] [INFO] [HTTP] GET /api/auth/me 304 4ms [User:u_admin]
[2026-05-08 03:31:21] [INFO] [HTTP] GET /vite.svg 200 2ms [Guest]
[2026-05-08 03:31:21] [INFO] [HTTP] GET /api/users 401 1ms [Guest]
[2026-05-08 03:31:21] [INFO] [HTTP] GET /api/shift-management/days/2026-05-08/attendance 200 23ms [Guest]
[2026-05-08 03:31:21] [INFO] [HTTP] GET /api/shift-management/week?startDate=2026-05-08 304 36ms [Guest]
[2026-05-08 03:31:21] [INFO] [HTTP] GET /api/shift-management/days/2026-05-08/shifts 200 37ms [Guest]
[2026-05-08 03:31:29] [INFO] [HTTP] GET /api/shift-management/shifts/si_MORNING_20260508/attendance 200 3ms [Guest]
[2026-05-08 03:31:45] [INFO] [HTTP] GET /api/shift-management/my-shift-today 304 7ms [User:u_phuong]
[2026-05-08 03:32:37] [INFO] [HTTP] GET /shift-management 304 1ms [Guest]
[2026-05-08 03:32:37] [INFO] [HTTP] GET /assets/index-BesE_EV3.css 304 1ms [Guest]
[2026-05-08 03:32:37] [INFO] [HTTP] GET /assets/index-BEZTsYRl.js 304 2ms [Guest]
[2026-05-08 03:32:37] [INFO] [HTTP] GET /api/auth/me 304 3ms [User:u_admin]
[2026-05-08 03:32:37] [INFO] [HTTP] GET /api/users 401 1ms [Guest]
[2026-05-08 03:32:37] [INFO] [HTTP] GET /api/shift-management/days/2026-05-08/attendance 200 6ms [Guest]
[2026-05-08 03:32:37] [INFO] [HTTP] GET /vite.svg 304 3ms [Guest]
[2026-05-08 03:32:37] [INFO] [HTTP] GET /api/shift-management/days/2026-05-08/shifts 200 18ms [Guest]
[2026-05-08 03:32:37] [INFO] [HTTP] GET /api/shift-management/week?startDate=2026-05-08 304 23ms [Guest]
[2026-05-08 03:32:38] [INFO] [HTTP] GET /shift-management 304 1ms [Guest]
[2026-05-08 03:32:38] [INFO] [HTTP] GET /assets/index-BEZTsYRl.js 304 1ms [Guest]
[2026-05-08 03:32:38] [INFO] [HTTP] GET /assets/index-BesE_EV3.css 304 0ms [Guest]
[2026-05-08 03:32:38] [INFO] [HTTP] GET /api/auth/me 304 1ms [User:u_admin]
[2026-05-08 03:32:38] [INFO] [HTTP] GET /vite.svg 304 1ms [Guest]
[2026-05-08 03:32:38] [INFO] [HTTP] GET /api/users 401 0ms [Guest]
[2026-05-08 03:32:38] [INFO] [HTTP] GET /api/shift-management/days/2026-05-08/attendance 304 6ms [Guest]
[2026-05-08 03:32:38] [INFO] [HTTP] GET /api/shift-management/days/2026-05-08/shifts 304 11ms [Guest]
[2026-05-08 03:32:38] [INFO] [HTTP] GET /api/shift-management/week?startDate=2026-05-08 304 13ms [Guest]
[2026-05-08 03:32:38] [INFO] [HTTP] GET /shift-management 304 1ms [Guest]
[2026-05-08 03:32:38] [INFO] [HTTP] GET /assets/index-BEZTsYRl.js 304 1ms [Guest]
[2026-05-08 03:32:38] [INFO] [HTTP] GET /assets/index-BesE_EV3.css 304 1ms [Guest]
[2026-05-08 03:32:38] [INFO] [HTTP] GET /api/auth/me 304 3ms [User:u_admin]
[2026-05-08 03:32:38] [INFO] [HTTP] GET /vite.svg 304 2ms [Guest]
[2026-05-08 03:32:38] [INFO] [HTTP] GET /api/users 401 0ms [Guest]
[2026-05-08 03:32:38] [INFO] [HTTP] GET /api/shift-management/days/2026-05-08/attendance 304 4ms [Guest]
[2026-05-08 03:32:38] [INFO] [HTTP] GET /api/shift-management/days/2026-05-08/shifts 304 11ms [Guest]
[2026-05-08 03:32:38] [INFO] [HTTP] GET /api/shift-management/week?startDate=2026-05-08 304 16ms [Guest]
[2026-05-08 03:32:38] [INFO] [HTTP] GET /shift-management 304 1ms [Guest]
[2026-05-08 03:32:38] [INFO] [HTTP] GET /assets/index-BEZTsYRl.js 304 1ms [Guest]
[2026-05-08 03:32:38] [INFO] [HTTP] GET /assets/index-BesE_EV3.css 304 1ms [Guest]
[2026-05-08 03:32:38] [INFO] [HTTP] GET /api/auth/me 304 2ms [User:u_admin]
[2026-05-08 03:32:38] [INFO] [HTTP] GET /vite.svg 304 2ms [Guest]
[2026-05-08 03:32:38] [INFO] [HTTP] GET /api/users 401 0ms [Guest]
[2026-05-08 03:32:38] [INFO] [HTTP] GET /api/shift-management/days/2026-05-08/attendance 304 3ms [Guest]
[2026-05-08 03:32:38] [INFO] [HTTP] GET /api/shift-management/days/2026-05-08/shifts 304 7ms [Guest]
[2026-05-08 03:32:38] [INFO] [HTTP] GET /api/shift-management/week?startDate=2026-05-08 304 12ms [Guest]
[2026-05-08 03:32:38] [INFO] [HTTP] GET /shift-management 304 0ms [Guest]
[2026-05-08 03:32:38] [INFO] [HTTP] GET /assets/index-BEZTsYRl.js 304 1ms [Guest]
[2026-05-08 03:32:38] [INFO] [HTTP] GET /assets/index-BesE_EV3.css 304 1ms [Guest]
[2026-05-08 03:32:38] [INFO] [HTTP] GET /api/auth/me 304 1ms [User:u_admin]
[2026-05-08 03:32:38] [INFO] [HTTP] GET /vite.svg 304 2ms [Guest]
[2026-05-08 03:32:38] [INFO] [HTTP] GET /api/users 401 0ms [Guest]
[2026-05-08 03:32:38] [INFO] [HTTP] GET /api/shift-management/days/2026-05-08/attendance 304 4ms [Guest]
[2026-05-08 03:32:38] [INFO] [HTTP] GET /api/shift-management/days/2026-05-08/shifts 304 10ms [Guest]
[2026-05-08 03:32:38] [INFO] [HTTP] GET /api/shift-management/week?startDate=2026-05-08 304 15ms [Guest]
[2026-05-08 03:32:39] [INFO] [HTTP] GET /shift-management 304 1ms [Guest]
[2026-05-08 03:32:39] [INFO] [HTTP] GET /assets/index-BEZTsYRl.js 304 1ms [Guest]
[2026-05-08 03:32:39] [INFO] [HTTP] GET /assets/index-BesE_EV3.css 304 1ms [Guest]
[2026-05-08 03:32:39] [INFO] [HTTP] GET /api/auth/me 304 2ms [User:u_admin]
[2026-05-08 03:32:39] [INFO] [HTTP] GET /vite.svg 304 2ms [Guest]
[2026-05-08 03:32:39] [INFO] [HTTP] GET /api/users 401 1ms [Guest]
[2026-05-08 03:32:39] [INFO] [HTTP] GET /api/shift-management/days/2026-05-08/attendance 304 5ms [Guest]
[2026-05-08 03:32:39] [INFO] [HTTP] GET /api/shift-management/days/2026-05-08/shifts 304 13ms [Guest]
[2026-05-08 03:32:39] [INFO] [HTTP] GET /api/shift-management/week?startDate=2026-05-08 304 17ms [Guest]
[2026-05-08 03:32:39] [INFO] [HTTP] GET /shift-management 304 0ms [Guest]
[2026-05-08 03:32:39] [INFO] [HTTP] GET /assets/index-BEZTsYRl.js 304 1ms [Guest]
[2026-05-08 03:32:39] [INFO] [HTTP] GET /assets/index-BesE_EV3.css 304 1ms [Guest]
[2026-05-08 03:32:39] [INFO] [HTTP] GET /api/auth/me 304 2ms [User:u_admin]
[2026-05-08 03:32:39] [INFO] [HTTP] GET /vite.svg 304 2ms [Guest]
[2026-05-08 03:32:39] [INFO] [HTTP] GET /api/users 401 0ms [Guest]
[2026-05-08 03:32:39] [INFO] [HTTP] GET /api/shift-management/days/2026-05-08/attendance 304 3ms [Guest]
[2026-05-08 03:32:39] [INFO] [HTTP] GET /api/shift-management/days/2026-05-08/shifts 304 10ms [Guest]
[2026-05-08 03:32:39] [INFO] [HTTP] GET /api/shift-management/week?startDate=2026-05-08 304 14ms [Guest]
[2026-05-08 03:33:23] [INFO] [HTTP] GET /api/shift-management/my-shift-today 200 9ms [User:u_phuong]
[2026-05-08 03:33:44] [INFO] [HTTP] GET /shift-management 304 1ms [Guest]
[2026-05-08 03:33:44] [INFO] [HTTP] GET /assets/index-BEZTsYRl.js 304 1ms [Guest]
[2026-05-08 03:33:44] [INFO] [HTTP] GET /assets/index-BesE_EV3.css 304 1ms [Guest]
[2026-05-08 03:33:44] [INFO] [HTTP] GET /api/auth/me 304 2ms [User:u_admin]
[2026-05-08 03:33:44] [INFO] [HTTP] GET /vite.svg 304 2ms [Guest]
[2026-05-08 03:33:44] [INFO] [HTTP] GET /api/users 401 0ms [Guest]
[2026-05-08 03:33:44] [INFO] [HTTP] GET /api/shift-management/days/2026-05-08/attendance 200 3ms [Guest]
[2026-05-08 03:33:44] [INFO] [HTTP] GET /api/shift-management/days/2026-05-08/shifts 200 6ms [Guest]
[2026-05-08 03:33:44] [INFO] [HTTP] GET /api/shift-management/week?startDate=2026-05-08 304 10ms [Guest]
[2026-05-08 03:33:45] [INFO] [HTTP] GET /shift-management 304 1ms [Guest]
[2026-05-08 03:33:45] [INFO] [HTTP] GET /assets/index-BEZTsYRl.js 304 1ms [Guest]
[2026-05-08 03:33:45] [INFO] [HTTP] GET /assets/index-BesE_EV3.css 304 1ms [Guest]
[2026-05-08 03:33:45] [INFO] [HTTP] GET /api/auth/me 304 2ms [User:u_admin]
[2026-05-08 03:33:45] [INFO] [HTTP] GET /vite.svg 304 2ms [Guest]
[2026-05-08 03:33:45] [INFO] [HTTP] GET /api/users 401 0ms [Guest]
[2026-05-08 03:33:45] [INFO] [HTTP] GET /api/shift-management/days/2026-05-08/attendance 304 3ms [Guest]
[2026-05-08 03:33:45] [INFO] [HTTP] GET /api/shift-management/days/2026-05-08/shifts 304 10ms [Guest]
[2026-05-08 03:33:45] [INFO] [HTTP] GET /api/shift-management/week?startDate=2026-05-08 304 13ms [Guest]
[2026-05-08 03:33:45] [INFO] [HTTP] GET /shift-management 304 1ms [Guest]
[2026-05-08 03:33:45] [INFO] [HTTP] GET /assets/index-BEZTsYRl.js 304 0ms [Guest]
[2026-05-08 03:33:45] [INFO] [HTTP] GET /assets/index-BesE_EV3.css 304 0ms [Guest]
[2026-05-08 03:33:45] [INFO] [HTTP] GET /api/auth/me 304 4ms [User:u_admin]
[2026-05-08 03:33:45] [INFO] [HTTP] GET /vite.svg 304 4ms [Guest]
[2026-05-08 03:33:45] [INFO] [HTTP] GET /api/users 401 0ms [Guest]
[2026-05-08 03:33:45] [INFO] [HTTP] GET /api/shift-management/days/2026-05-08/attendance 304 3ms [Guest]
[2026-05-08 03:33:45] [INFO] [HTTP] GET /api/shift-management/days/2026-05-08/shifts 304 8ms [Guest]
[2026-05-08 03:33:45] [INFO] [HTTP] GET /api/shift-management/week?startDate=2026-05-08 304 11ms [Guest]
[2026-05-08 03:33:45] [INFO] [HTTP] GET /api/shift-management/my-shift-today 304 9ms [User:u_phuong]
[2026-05-08 03:33:45] [INFO] [HTTP] GET /shift-management 304 1ms [Guest]
[2026-05-08 03:33:45] [INFO] [HTTP] GET /assets/index-BEZTsYRl.js 304 1ms [Guest]
[2026-05-08 03:33:45] [INFO] [HTTP] GET /assets/index-BesE_EV3.css 304 1ms [Guest]
[2026-05-08 03:33:45] [INFO] [HTTP] GET /api/auth/me 304 1ms [User:u_admin]
[2026-05-08 03:33:45] [INFO] [HTTP] GET /vite.svg 304 2ms [Guest]
[2026-05-08 03:33:45] [INFO] [HTTP] GET /api/users 401 0ms [Guest]
[2026-05-08 03:33:45] [INFO] [HTTP] GET /api/shift-management/days/2026-05-08/attendance 304 4ms [Guest]
[2026-05-08 03:33:45] [INFO] [HTTP] GET /api/shift-management/days/2026-05-08/shifts 304 10ms [Guest]
[2026-05-08 03:33:45] [INFO] [HTTP] GET /api/shift-management/week?startDate=2026-05-08 304 14ms [Guest]
[2026-05-08 03:33:45] [INFO] [HTTP] GET /shift-management 304 0ms [Guest]
[2026-05-08 03:33:45] [INFO] [HTTP] GET /assets/index-BEZTsYRl.js 304 1ms [Guest]
[2026-05-08 03:33:45] [INFO] [HTTP] GET /assets/index-BesE_EV3.css 304 1ms [Guest]
[2026-05-08 03:33:45] [INFO] [HTTP] GET /api/auth/me 304 2ms [User:u_admin]
[2026-05-08 03:33:45] [INFO] [HTTP] GET /vite.svg 304 2ms [Guest]
[2026-05-08 03:33:45] [INFO] [HTTP] GET /api/users 401 0ms [Guest]
[2026-05-08 03:33:45] [INFO] [HTTP] GET /api/shift-management/days/2026-05-08/attendance 304 3ms [Guest]
[2026-05-08 03:33:45] [INFO] [HTTP] GET /api/shift-management/days/2026-05-08/shifts 304 7ms [Guest]
[2026-05-08 03:33:45] [INFO] [HTTP] GET /api/shift-management/week?startDate=2026-05-08 304 10ms [Guest]
[2026-05-08 03:33:51] [INFO] [HTTP] POST /api/worklogs/start 201 12ms [User:u_phuong]
[2026-05-08 03:33:51] [INFO] [HTTP] GET /api/tasks/my 200 7ms [User:u_phuong]
[2026-05-08 03:33:51] [INFO] [HTTP] GET /api/attendance/my-status 304 6ms [User:u_phuong]
[2026-05-08 03:33:51] [INFO] [HTTP] GET /api/worklogs/my 200 8ms [User:u_phuong]
[2026-05-08 03:33:52] [INFO] [HTTP] GET /api/worklogs/active 200 7ms [User:u_admin]
[2026-05-08 03:33:52] [INFO] [HTTP] GET /vite.svg 304 0ms [Guest]
[2026-05-08 03:33:59] [INFO] [HTTP] GET /vite.svg 200 1ms [Guest]
[2026-05-08 03:34:02] [INFO] [AUTH] --- LOGIN ATTEMPT --- Username: dung
[2026-05-08 03:34:02] [INFO] [AUTH] => Đã tìm thấy user: dung
[2026-05-08 03:34:02] [INFO] [AUTH] => Kết quả so khớp mật khẩu cho dung: true
[2026-05-08 03:34:02] [INFO] [HTTP] POST /api/auth/login 200 75ms [Guest]
[2026-05-08 03:34:02] [INFO] [HTTP] GET /api/auth/me 200 5ms [User:u_dung]
[2026-05-08 03:34:02] [INFO] [HTTP] GET /api/tasks/my 200 4ms [User:u_dung]
[2026-05-08 03:34:02] [INFO] [HTTP] GET /api/worklogs/my 200 4ms [User:u_dung]
[2026-05-08 03:34:02] [INFO] [HTTP] GET /api/attendance/my-status 200 4ms [User:u_dung]
[2026-05-08 03:34:02] [INFO] [HTTP] GET /vite.svg 304 5ms [Guest]
[2026-05-08 03:34:02] [INFO] [HTTP] GET /api/shift-management/my-shift-today 200 6ms [User:u_dung]
[2026-05-08 03:34:04] [INFO] [HTTP] POST /api/shift-management/staff-check-in 200 6ms [User:u_dung]
[2026-05-08 03:34:04] [INFO] [HTTP] GET /api/shift-management/my-shift-today 200 5ms [User:u_dung]
[2026-05-08 03:34:04] [INFO] [HTTP] GET /api/worklogs/my 304 4ms [User:u_dung]
[2026-05-08 03:34:04] [INFO] [HTTP] GET /api/attendance/my-status 200 3ms [User:u_dung]
[2026-05-08 03:34:04] [INFO] [HTTP] GET /api/tasks/my 304 8ms [User:u_dung]
[2026-05-08 03:34:15] [INFO] [HTTP] POST /api/worklogs/start 201 7ms [User:u_dung]
[2026-05-08 03:34:15] [INFO] [HTTP] GET /api/tasks/my 200 4ms [User:u_dung]
[2026-05-08 03:34:15] [INFO] [HTTP] GET /api/worklogs/my 200 4ms [User:u_dung]
[2026-05-08 03:34:15] [INFO] [HTTP] GET /api/attendance/my-status 304 4ms [User:u_dung]
[2026-05-08 03:35:02] [INFO] [HTTP] GET /api/shift-management/my-shift-today 304 6ms [User:u_dung]
[2026-05-08 03:35:29] [INFO] [HTTP] GET /api/users 304 5ms [User:u_admin]
[2026-05-08 03:35:29] [INFO] [HTTP] GET /vite.svg 304 2ms [Guest]
[2026-05-08 03:35:29] [INFO] [HTTP] GET /api/worklogs/report 200 11ms [User:u_admin]
[2026-05-08 03:35:29] [INFO] [HTTP] GET /api/projects 304 14ms [User:u_admin]
[2026-05-08 03:35:40] [INFO] [HTTP] GET /api/worklogs/report?project_id=p_001 200 4ms [User:u_admin]
[2026-05-08 03:35:51] [INFO] [HTTP] GET /api/worklogs/report?project_id=p_001&user_id=u_lan 200 3ms [User:u_admin]
[2026-05-08 03:35:54] [INFO] [HTTP] GET /api/worklogs/report?project_id=p_001&user_id=u_dung 200 3ms [User:u_admin]
[2026-05-08 03:35:58] [INFO] [HTTP] GET /api/worklogs/report?project_id=p_001&user_id=u_hiep 200 3ms [User:u_admin]
[2026-05-08 03:36:02] [INFO] [HTTP] GET /api/shift-management/my-shift-today 304 7ms [User:u_dung]
[2026-05-08 03:36:02] [INFO] [HTTP] GET /api/worklogs/report?project_id=p_001&user_id=u_phuong 200 3ms [User:u_admin]
[2026-05-08 03:36:04] [INFO] [HTTP] GET /api/users 304 2ms [User:u_admin]
[2026-05-08 03:36:04] [INFO] [HTTP] GET /api/attendance/report?start_date=2026-05-03&end_date=2026-05-08 200 6ms [User:u_admin]
[2026-05-08 03:36:04] [INFO] [HTTP] GET /vite.svg 304 1ms [Guest]
[2026-05-08 03:36:11] [INFO] [HTTP] GET /api/attendance/report?start_date=2026-05-03&end_date=2026-05-08&user_id=u_lan 200 2ms [User:u_admin]
[2026-05-08 03:36:13] [INFO] [HTTP] GET /api/attendance/report?start_date=2026-05-03&end_date=2026-05-08&user_id=u_dung 200 3ms [User:u_admin]
[2026-05-08 03:36:29] [INFO] [HTTP] GET /api/worklogs/active 200 4ms [User:u_admin]
[2026-05-08 03:36:29] [INFO] [HTTP] GET /vite.svg 304 3ms [Guest]
[2026-05-08 03:37:02] [INFO] [HTTP] GET /api/shift-management/my-shift-today 304 7ms [User:u_dung]
[2026-05-08 03:38:02] [INFO] [HTTP] GET /api/shift-management/my-shift-today 304 15ms [User:u_dung]
[2026-05-08 03:39:02] [INFO] [HTTP] GET /api/shift-management/my-shift-today 304 11ms [User:u_dung]
[2026-05-08 03:39:30] [INFO] [SYSTEM] 🚀 Server ready on port 3001
[2026-05-08 03:39:51] [INFO] [AUTH] --- LOGIN ATTEMPT --- Username: admin
[2026-05-08 03:39:51] [INFO] [AUTH] => Đã tìm thấy user: admin
[2026-05-08 03:39:51] [INFO] [AUTH] => Kết quả so khớp mật khẩu cho admin: true
[2026-05-08 03:39:51] [INFO] [HTTP] POST /api/auth/login 200 100ms [Guest]
[2026-05-08 03:39:51] [INFO] [AUTH] --- LOGIN ATTEMPT --- Username: hiep
[2026-05-08 03:39:51] [INFO] [AUTH] => Đã tìm thấy user: hiep
[2026-05-08 03:39:51] [INFO] [AUTH] => Kết quả so khớp mật khẩu cho hiep: true
[2026-05-08 03:39:51] [INFO] [HTTP] POST /api/auth/login 200 66ms [Guest]
[2026-05-08 03:39:51] [INFO] [HTTP] POST /api/shift-management/staff-check-in 400 6ms [User:u_hiep]
[2026-05-08 03:39:52] [INFO] [HTTP] POST /api/worklogs/start 201 9ms [User:u_hiep]
[2026-05-08 03:39:54] [INFO] [HTTP] GET /api/worklogs/active 200 4ms [User:u_admin]
[2026-05-08 03:40:02] [INFO] [HTTP] GET /api/shift-management/my-shift-today 304 7ms [User:u_dung]
[2026-05-08 03:40:16] [INFO] [HTTP] GET /live-monitor 200 6ms [Guest]
[2026-05-08 03:40:16] [INFO] [HTTP] GET /assets/index-BesE_EV3.css 200 3ms [Guest]
[2026-05-08 03:40:16] [INFO] [HTTP] GET /assets/index-ttyw3lTy.js 200 8ms [Guest]
[2026-05-08 03:40:16] [INFO] [HTTP] GET /api/auth/me 304 5ms [User:u_admin]
[2026-05-08 03:40:16] [INFO] [HTTP] GET /vite.svg 200 3ms [Guest]
[2026-05-08 03:40:16] [INFO] [HTTP] GET /api/worklogs/active 200 4ms [User:u_admin]
[2026-05-08 03:40:35] [INFO] [HTTP] GET /vite.svg 200 2ms [Guest]
[2026-05-08 03:40:39] [INFO] [AUTH] --- LOGIN ATTEMPT --- Username: lan
[2026-05-08 03:40:39] [INFO] [AUTH] => Đã tìm thấy user: lan
[2026-05-08 03:40:39] [INFO] [AUTH] => Kết quả so khớp mật khẩu cho lan: true
[2026-05-08 03:40:39] [INFO] [HTTP] POST /api/auth/login 200 71ms [Guest]
[2026-05-08 03:40:39] [INFO] [HTTP] GET /api/auth/me 200 5ms [User:u_lan]
[2026-05-08 03:40:39] [INFO] [HTTP] GET /vite.svg 304 1ms [Guest]
[2026-05-08 03:40:39] [INFO] [HTTP] GET /api/worklogs/dashboard 200 11ms [User:u_lan]
[2026-05-08 03:40:43] [INFO] [HTTP] GET /live-monitor 304 1ms [Guest]
[2026-05-08 03:40:43] [INFO] [HTTP] GET /assets/index-ttyw3lTy.js 304 1ms [Guest]
[2026-05-08 03:40:43] [INFO] [HTTP] GET /assets/index-BesE_EV3.css 304 0ms [Guest]
[2026-05-08 03:40:43] [INFO] [HTTP] GET /api/auth/me 304 3ms [User:u_admin]
[2026-05-08 03:40:43] [INFO] [HTTP] GET /api/worklogs/active 304 3ms [User:u_admin]
[2026-05-08 03:40:43] [INFO] [HTTP] GET /vite.svg 304 3ms [Guest]
[2026-05-08 03:41:04] [INFO] [HTTP] GET /api/worklogs/active 200 4ms [User:u_lan]
[2026-05-08 03:41:04] [INFO] [HTTP] GET /vite.svg 304 1ms [Guest]
[2026-05-08 03:41:13] [INFO] [HTTP] GET /live-monitor 200 3ms [Guest]
[2026-05-08 03:41:13] [INFO] [HTTP] GET /assets/index-BesE_EV3.css 200 2ms [Guest]
[2026-05-08 03:41:13] [INFO] [HTTP] GET /assets/index-ttyw3lTy.js 200 5ms [Guest]
[2026-05-08 03:41:13] [INFO] [HTTP] GET /api/auth/me 304 3ms [User:u_lan]
[2026-05-08 03:41:13] [INFO] [HTTP] GET /vite.svg 304 2ms [Guest]
[2026-05-08 03:41:13] [INFO] [HTTP] GET /api/worklogs/active 304 2ms [User:u_lan]
[2026-05-08 03:41:14] [INFO] [HTTP] GET /live-monitor 304 2ms [Guest]
[2026-05-08 03:41:14] [INFO] [HTTP] GET /assets/index-ttyw3lTy.js 304 1ms [Guest]
[2026-05-08 03:41:14] [INFO] [HTTP] GET /assets/index-BesE_EV3.css 304 2ms [Guest]
[2026-05-08 03:41:14] [INFO] [HTTP] GET /api/auth/me 304 2ms [User:u_lan]
[2026-05-08 03:41:14] [INFO] [HTTP] GET /vite.svg 304 0ms [Guest]
[2026-05-08 03:41:14] [INFO] [HTTP] GET /api/worklogs/active 304 2ms [User:u_lan]
[2026-05-08 03:41:45] [INFO] [HTTP] GET /vite.svg 304 1ms [Guest]
[2026-05-08 03:41:46] [INFO] [AUTH] --- LOGIN ATTEMPT --- Username: phuong
[2026-05-08 03:41:46] [INFO] [AUTH] => Đã tìm thấy user: phuong
[2026-05-08 03:41:46] [INFO] [AUTH] => Kết quả so khớp mật khẩu cho phuong: true
[2026-05-08 03:41:46] [INFO] [HTTP] POST /api/auth/login 200 66ms [Guest]
[2026-05-08 03:41:46] [INFO] [HTTP] GET /api/auth/me 200 8ms [User:u_phuong]
[2026-05-08 03:41:46] [INFO] [HTTP] GET /api/tasks/my 200 8ms [User:u_phuong]
[2026-05-08 03:41:46] [INFO] [HTTP] GET /vite.svg 304 3ms [Guest]
[2026-05-08 03:41:46] [INFO] [HTTP] GET /api/worklogs/my 200 11ms [User:u_phuong]
[2026-05-08 03:41:46] [INFO] [HTTP] GET /api/attendance/my-status 200 10ms [User:u_phuong]
[2026-05-08 03:41:46] [INFO] [HTTP] GET /api/shift-management/my-shift-today 200 4ms [User:u_phuong]
[2026-05-08 03:42:25] [INFO] [HTTP] POST /api/worklogs/stop 200 11ms [User:u_phuong]
[2026-05-08 03:42:25] [INFO] [HTTP] GET /api/worklogs/my 200 5ms [User:u_phuong]
[2026-05-08 03:42:25] [INFO] [HTTP] GET /api/tasks/my 304 9ms [User:u_phuong]
[2026-05-08 03:42:25] [INFO] [HTTP] GET /api/attendance/my-status 304 5ms [User:u_phuong]
[2026-05-08 03:42:37] [INFO] [HTTP] POST /api/worklogs/start 201 6ms [User:u_phuong]
[2026-05-08 03:42:37] [INFO] [HTTP] GET /api/tasks/my 304 3ms [User:u_phuong]
[2026-05-08 03:42:37] [INFO] [HTTP] GET /api/worklogs/my 200 4ms [User:u_phuong]
[2026-05-08 03:42:37] [INFO] [HTTP] GET /api/attendance/my-status 304 4ms [User:u_phuong]
[2026-05-08 03:42:46] [INFO] [HTTP] GET /api/shift-management/my-shift-today 304 10ms [User:u_phuong]
[2026-05-08 03:43:42] [INFO] [HTTP] GET /live-monitor 304 2ms [Guest]
[2026-05-08 03:43:42] [INFO] [HTTP] GET /assets/index-ttyw3lTy.js 304 1ms [Guest]
[2026-05-08 03:43:42] [INFO] [HTTP] GET /assets/index-BesE_EV3.css 304 1ms [Guest]
[2026-05-08 03:43:42] [INFO] [HTTP] GET /api/auth/me 304 2ms [User:u_admin]
[2026-05-08 03:43:42] [INFO] [HTTP] GET /vite.svg 304 2ms [Guest]
[2026-05-08 03:43:42] [INFO] [HTTP] GET /api/worklogs/active 200 4ms [User:u_admin]
[2026-05-08 03:43:46] [INFO] [HTTP] GET /api/shift-management/my-shift-today 304 8ms [User:u_phuong]
[2026-05-08 03:44:47] [INFO] [HTTP] GET /api/shift-management/my-shift-today 304 7ms [User:u_phuong]
[2026-05-08 03:45:46] [INFO] [HTTP] GET /api/shift-management/my-shift-today 304 4ms [User:u_phuong]
[2026-05-08 03:46:47] [INFO] [HTTP] GET /api/shift-management/my-shift-today 304 7ms [User:u_phuong]
[2026-05-08 03:47:47] [INFO] [HTTP] GET /api/shift-management/my-shift-today 304 21ms [User:u_phuong]
[2026-05-08 03:49:23] [INFO] [HTTP] GET /api/shift-management/my-shift-today 304 14ms [User:u_phuong]
[2026-05-08 03:50:23] [INFO] [HTTP] GET /api/shift-management/my-shift-today 304 15ms [User:u_phuong]
[2026-05-08 03:51:23] [INFO] [HTTP] GET /api/shift-management/my-shift-today 304 13ms [User:u_phuong]
[2026-05-08 03:52:23] [INFO] [HTTP] GET /api/shift-management/my-shift-today 304 16ms [User:u_phuong]
[2026-05-08 03:53:23] [INFO] [HTTP] GET /api/shift-management/my-shift-today 304 8ms [User:u_phuong]
[2026-05-08 03:54:12] [INFO] [AUTH] --- LOGIN ATTEMPT --- Username: hiep
[2026-05-08 03:54:12] [INFO] [AUTH] => Đã tìm thấy user: hiep
[2026-05-08 03:54:12] [INFO] [AUTH] => Kết quả so khớp mật khẩu cho hiep: true
[2026-05-08 03:54:12] [INFO] [HTTP] POST /api/auth/login 200 63ms [Guest]
[2026-05-08 03:54:12] [INFO] [HTTP] POST /api/worklogs/stop 200 7ms [User:u_hiep]
[2026-05-08 03:54:23] [INFO] [HTTP] GET /api/shift-management/my-shift-today 304 6ms [User:u_phuong]
[2026-05-08 03:55:23] [INFO] [HTTP] GET /api/shift-management/my-shift-today 304 9ms [User:u_phuong]
[2026-05-08 03:56:18] [INFO] [HTTP] GET /api/shift-management/my-shift-today 304 8ms [User:u_phuong]
[2026-05-08 03:56:46] [INFO] [HTTP] GET /api/shift-management/my-shift-today 304 6ms [User:u_phuong]
[2026-05-08 03:57:46] [INFO] [HTTP] GET /api/shift-management/my-shift-today 304 6ms [User:u_phuong]
[2026-05-08 03:58:46] [INFO] [HTTP] GET /api/shift-management/my-shift-today 304 3ms [User:u_phuong]
[2026-05-08 03:59:46] [INFO] [HTTP] GET /api/shift-management/my-shift-today 304 15ms [User:u_phuong]
[2026-05-08 04:00:46] [INFO] [HTTP] GET /api/shift-management/my-shift-today 304 5ms [User:u_phuong]
[2026-05-08 04:01:46] [INFO] [HTTP] GET /api/shift-management/my-shift-today 304 4ms [User:u_phuong]
[2026-05-08 04:02:47] [INFO] [HTTP] GET /api/shift-management/my-shift-today 304 27ms [User:u_phuong]
[2026-05-08 04:04:23] [INFO] [HTTP] GET /api/shift-management/my-shift-today 304 6ms [User:u_phuong]
[2026-05-08 04:05:23] [INFO] [HTTP] GET /api/shift-management/my-shift-today 304 6ms [User:u_phuong]
[2026-05-08 04:06:23] [INFO] [HTTP] GET /api/shift-management/my-shift-today 304 4ms [User:u_phuong]
[2026-05-08 04:07:02] [INFO] [AUTH] --- LOGIN ATTEMPT --- Username: phuong
[2026-05-08 04:07:02] [INFO] [AUTH] => Đã tìm thấy user: phuong
[2026-05-08 04:07:02] [INFO] [AUTH] => Kết quả so khớp mật khẩu cho phuong: true
[2026-05-08 04:07:02] [INFO] [HTTP] POST /api/auth/login 200 64ms [Guest]
[2026-05-08 04:07:02] [INFO] [AUTH] --- LOGIN ATTEMPT --- Username: admin
[2026-05-08 04:07:02] [INFO] [AUTH] => Đã tìm thấy user: admin
[2026-05-08 04:07:02] [INFO] [AUTH] => Kết quả so khớp mật khẩu cho admin: true
[2026-05-08 04:07:02] [INFO] [HTTP] POST /api/auth/login 200 64ms [Guest]
[2026-05-08 04:07:02] [INFO] [HTTP] GET /api/health 200 1ms [Guest]
[2026-05-08 04:07:02] [INFO] [HTTP] GET /api/shift-management/my-shift-today 200 4ms [User:u_phuong]
[2026-05-08 04:07:23] [INFO] [HTTP] GET /api/shift-management/my-shift-today 304 7ms [User:u_phuong]
[2026-05-08 04:08:23] [INFO] [HTTP] GET /api/shift-management/my-shift-today 304 6ms [User:u_phuong]
[2026-05-08 04:09:23] [INFO] [HTTP] GET /api/shift-management/my-shift-today 200 5ms [User:u_phuong]
[2026-05-08 04:10:12] [INFO] [SYSTEM] 🚀 Server ready on port 3001
[2026-05-08 04:10:23] [INFO] [HTTP] GET /api/shift-management/my-shift-today 304 45ms [User:u_phuong]
[2026-05-08 04:10:44] [INFO] [AUTH] --- LOGIN ATTEMPT --- Username: phuong
[2026-05-08 04:10:44] [INFO] [AUTH] => Đã tìm thấy user: phuong
[2026-05-08 04:10:44] [INFO] [AUTH] => Kết quả so khớp mật khẩu cho phuong: true
[2026-05-08 04:10:44] [INFO] [HTTP] POST /api/auth/login 200 97ms [Guest]
[2026-05-08 04:10:44] [INFO] [AUTH] --- LOGIN ATTEMPT --- Username: admin
[2026-05-08 04:10:44] [INFO] [AUTH] => Đã tìm thấy user: admin
[2026-05-08 04:10:45] [INFO] [AUTH] => Kết quả so khớp mật khẩu cho admin: true
[2026-05-08 04:10:45] [INFO] [HTTP] POST /api/auth/login 200 73ms [Guest]
[2026-05-08 04:10:45] [INFO] [HTTP] GET /api/shift-management/my-shift-today 200 5ms [User:u_phuong]
[2026-05-08 04:10:45] [INFO] [AUTH] --- LOGIN ATTEMPT --- Username: hiep
[2026-05-08 04:10:45] [INFO] [AUTH] => Đã tìm thấy user: hiep
[2026-05-08 04:10:45] [INFO] [AUTH] => Kết quả so khớp mật khẩu cho hiep: true
[2026-05-08 04:10:45] [INFO] [HTTP] POST /api/auth/login 200 75ms [Guest]
[2026-05-08 04:10:45] [INFO] [HTTP] POST /api/worklogs/start 201 12ms [User:u_hiep]
[2026-05-08 04:10:45] [INFO] [HTTP] GET /api/worklogs/active 200 6ms [User:u_admin]
[2026-05-08 04:11:01] [INFO] [AUTH] --- LOGIN ATTEMPT --- Username: hiep
[2026-05-08 04:11:01] [INFO] [AUTH] => Đã tìm thấy user: hiep
[2026-05-08 04:11:01] [INFO] [AUTH] => Kết quả so khớp mật khẩu cho hiep: true
[2026-05-08 04:11:01] [INFO] [HTTP] POST /api/auth/login 200 66ms [Guest]
[2026-05-08 04:11:01] [INFO] [HTTP] POST /api/worklogs/stop 200 8ms [User:u_hiep]
[2026-05-08 04:11:23] [INFO] [HTTP] GET /api/shift-management/my-shift-today 304 7ms [User:u_phuong]
[2026-05-08 04:12:18] [INFO] [HTTP] GET /api/shift-management/my-shift-today 304 5ms [User:u_phuong]
[2026-05-08 04:12:22] [INFO] [HTTP] GET /live-monitor 200 4ms [Guest]
[2026-05-08 04:12:22] [INFO] [HTTP] GET /assets/index-BesE_EV3.css 200 4ms [Guest]
[2026-05-08 04:12:22] [INFO] [HTTP] GET /assets/index-DZCxfS5U.js 200 8ms [Guest]
[2026-05-08 04:12:22] [INFO] [HTTP] GET /api/auth/me 304 4ms [User:u_admin]
[2026-05-08 04:12:22] [INFO] [HTTP] GET /vite.svg 200 3ms [Guest]
[2026-05-08 04:12:22] [INFO] [HTTP] GET /api/worklogs/active 200 4ms [User:u_admin]
[2026-05-08 04:12:24] [INFO] [HTTP] GET /live-monitor 304 1ms [Guest]
[2026-05-08 04:12:24] [INFO] [HTTP] GET /assets/index-DZCxfS5U.js 304 1ms [Guest]
[2026-05-08 04:12:24] [INFO] [HTTP] GET /assets/index-BesE_EV3.css 304 2ms [Guest]
[2026-05-08 04:12:24] [INFO] [HTTP] GET /api/auth/me 304 2ms [User:u_admin]
[2026-05-08 04:12:24] [INFO] [HTTP] GET /api/worklogs/active 304 3ms [User:u_admin]
[2026-05-08 04:12:24] [INFO] [HTTP] GET /vite.svg 304 1ms [Guest]
[2026-05-08 04:12:24] [INFO] [HTTP] GET /live-monitor 304 1ms [Guest]
[2026-05-08 04:12:24] [INFO] [HTTP] GET /assets/index-DZCxfS5U.js 304 1ms [Guest]
[2026-05-08 04:12:24] [INFO] [HTTP] GET /assets/index-BesE_EV3.css 304 1ms [Guest]
[2026-05-08 04:12:24] [INFO] [HTTP] GET /api/auth/me 304 2ms [User:u_admin]
[2026-05-08 04:12:24] [INFO] [HTTP] GET /vite.svg 304 2ms [Guest]
[2026-05-08 04:12:24] [INFO] [HTTP] GET /api/worklogs/active 304 2ms [User:u_admin]
[2026-05-08 04:12:24] [INFO] [HTTP] GET /live-monitor 304 0ms [Guest]
[2026-05-08 04:12:24] [INFO] [HTTP] GET /assets/index-DZCxfS5U.js 304 1ms [Guest]
[2026-05-08 04:12:24] [INFO] [HTTP] GET /assets/index-BesE_EV3.css 304 1ms [Guest]
[2026-05-08 04:12:24] [INFO] [HTTP] GET /api/auth/me 304 2ms [User:u_admin]
[2026-05-08 04:12:24] [INFO] [HTTP] GET /vite.svg 304 1ms [Guest]
[2026-05-08 04:12:24] [INFO] [HTTP] GET /api/worklogs/active 304 3ms [User:u_admin]
[2026-05-08 04:12:24] [INFO] [HTTP] GET /live-monitor 304 1ms [Guest]
[2026-05-08 04:12:24] [INFO] [HTTP] GET /assets/index-DZCxfS5U.js 304 1ms [Guest]
[2026-05-08 04:12:24] [INFO] [HTTP] GET /assets/index-BesE_EV3.css 304 2ms [Guest]
[2026-05-08 04:12:24] [INFO] [HTTP] GET /api/auth/me 304 2ms [User:u_admin]
[2026-05-08 04:12:24] [INFO] [HTTP] GET /vite.svg 304 2ms [Guest]
[2026-05-08 04:12:24] [INFO] [HTTP] GET /api/worklogs/active 304 3ms [User:u_admin]
[2026-05-08 04:12:24] [INFO] [HTTP] GET /live-monitor 304 1ms [Guest]
[2026-05-08 04:12:24] [INFO] [HTTP] GET /assets/index-DZCxfS5U.js 304 0ms [Guest]
[2026-05-08 04:12:24] [INFO] [HTTP] GET /assets/index-BesE_EV3.css 304 1ms [Guest]
[2026-05-08 04:12:24] [INFO] [HTTP] GET /api/auth/me 304 2ms [User:u_admin]
[2026-05-08 04:12:24] [INFO] [HTTP] GET /vite.svg 304 3ms [Guest]
[2026-05-08 04:12:25] [INFO] [HTTP] GET /api/worklogs/active 304 3ms [User:u_admin]
[2026-05-08 04:12:25] [INFO] [HTTP] GET /live-monitor 304 0ms [Guest]
[2026-05-08 04:12:25] [INFO] [HTTP] GET /assets/index-DZCxfS5U.js 304 0ms [Guest]
[2026-05-08 04:12:25] [INFO] [HTTP] GET /assets/index-BesE_EV3.css 304 1ms [Guest]
[2026-05-08 04:12:25] [INFO] [HTTP] GET /api/auth/me 304 2ms [User:u_admin]
[2026-05-08 04:12:25] [INFO] [HTTP] GET /vite.svg 304 2ms [Guest]
[2026-05-08 04:12:25] [INFO] [HTTP] GET /api/worklogs/active 304 3ms [User:u_admin]
[2026-05-08 04:12:25] [INFO] [HTTP] GET /live-monitor 304 1ms [Guest]
[2026-05-08 04:12:25] [INFO] [HTTP] GET /assets/index-DZCxfS5U.js 304 0ms [Guest]
[2026-05-08 04:12:25] [INFO] [HTTP] GET /assets/index-BesE_EV3.css 304 0ms [Guest]
[2026-05-08 04:12:25] [INFO] [HTTP] GET /api/auth/me 304 2ms [User:u_admin]
[2026-05-08 04:12:25] [INFO] [HTTP] GET /vite.svg 304 2ms [Guest]
[2026-05-08 04:12:25] [INFO] [HTTP] GET /api/worklogs/active 304 4ms [User:u_admin]
[2026-05-08 04:12:25] [INFO] [HTTP] GET /live-monitor 304 2ms [Guest]
[2026-05-08 04:12:25] [INFO] [HTTP] GET /assets/index-DZCxfS5U.js 304 0ms [Guest]
[2026-05-08 04:12:25] [INFO] [HTTP] GET /assets/index-BesE_EV3.css 304 2ms [Guest]
[2026-05-08 04:12:25] [INFO] [HTTP] GET /api/auth/me 304 2ms [User:u_admin]
[2026-05-08 04:12:25] [INFO] [HTTP] GET /vite.svg 304 2ms [Guest]
[2026-05-08 04:12:25] [INFO] [HTTP] GET /api/worklogs/active 304 2ms [User:u_admin]
[2026-05-08 04:12:25] [INFO] [HTTP] GET /live-monitor 304 0ms [Guest]
[2026-05-08 04:12:25] [INFO] [HTTP] GET /assets/index-DZCxfS5U.js 304 1ms [Guest]
[2026-05-08 04:12:25] [INFO] [HTTP] GET /assets/index-BesE_EV3.css 304 1ms [Guest]
[2026-05-08 04:12:25] [INFO] [HTTP] GET /api/auth/me 304 2ms [User:u_admin]
[2026-05-08 04:12:25] [INFO] [HTTP] GET /vite.svg 304 2ms [Guest]
[2026-05-08 04:12:25] [INFO] [HTTP] GET /api/worklogs/active 304 2ms [User:u_admin]
[2026-05-08 04:12:27] [INFO] [HTTP] GET /worklog 200 2ms [Guest]
[2026-05-08 04:12:27] [INFO] [HTTP] GET /assets/index-BesE_EV3.css 200 2ms [Guest]
[2026-05-08 04:12:27] [INFO] [HTTP] GET /assets/index-DZCxfS5U.js 200 6ms [Guest]
[2026-05-08 04:12:27] [INFO] [HTTP] GET /api/auth/me 304 2ms [User:u_phuong]
[2026-05-08 04:12:27] [INFO] [HTTP] GET /vite.svg 200 1ms [Guest]
[2026-05-08 04:12:27] [INFO] [HTTP] GET /api/tasks/my 304 8ms [User:u_phuong]
[2026-05-08 04:12:27] [INFO] [HTTP] GET /api/attendance/my-status 304 6ms [User:u_phuong]
[2026-05-08 04:12:27] [INFO] [HTTP] GET /api/worklogs/my 304 10ms [User:u_phuong]
[2026-05-08 04:12:27] [INFO] [HTTP] GET /api/shift-management/my-shift-today 304 5ms [User:u_phuong]
[2026-05-08 04:12:47] [INFO] [HTTP] GET /api/worklogs/dashboard 200 7ms [User:u_admin]
[2026-05-08 04:12:47] [INFO] [HTTP] GET /vite.svg 304 0ms [Guest]
[2026-05-08 04:12:49] [INFO] [HTTP] GET /api/users 304 8ms [User:u_admin]
[2026-05-08 04:12:49] [INFO] [HTTP] GET /api/shift-management/templates 200 9ms [Guest]
[2026-05-08 04:12:49] [INFO] [HTTP] GET /vite.svg 304 3ms [Guest]
[2026-05-08 04:12:49] [INFO] [HTTP] GET /api/projects 304 19ms [User:u_admin]
[2026-05-08 04:12:49] [INFO] [HTTP] GET /api/tasks 200 15ms [User:u_admin]
[2026-05-08 04:12:49] [INFO] [HTTP] GET /api/tasks 304 2ms [User:u_admin]
[2026-05-08 04:12:51] [INFO] [HTTP] GET /api/users 304 8ms [User:u_admin]
[2026-05-08 04:12:51] [INFO] [HTTP] GET /api/attendance/report?start_date=2026-05-03&end_date=2026-05-08 304 6ms [User:u_admin]
[2026-05-08 04:12:51] [INFO] [HTTP] GET /vite.svg 304 5ms [Guest]
[2026-05-08 04:13:00] [INFO] [HTTP] GET /api/attendance/report?start_date=2026-05-03&end_date=2026-05-08&user_id=u_lan 304 2ms [User:u_admin]
[2026-05-08 04:13:03] [INFO] [HTTP] GET /api/attendance/report?start_date=2026-05-03&end_date=2026-05-08&user_id=u_phuong 200 3ms [User:u_admin]
[2026-05-08 04:13:28] [INFO] [HTTP] GET /api/shift-management/my-shift-today 304 9ms [User:u_phuong]
[2026-05-08 04:14:28] [INFO] [HTTP] GET /api/shift-management/my-shift-today 304 5ms [User:u_phuong]
[2026-05-08 04:15:28] [INFO] [HTTP] GET /api/shift-management/my-shift-today 304 6ms [User:u_phuong]
[2026-05-08 04:16:28] [INFO] [HTTP] GET /api/shift-management/my-shift-today 304 6ms [User:u_phuong]
[2026-05-08 04:17:28] [INFO] [HTTP] GET /api/shift-management/my-shift-today 304 5ms [User:u_phuong]
[2026-05-08 04:18:28] [INFO] [HTTP] GET /api/shift-management/my-shift-today 304 5ms [User:u_phuong]
