[2026-05-07 10:07:43] [INFO] [HTTP] GET /login 304 3ms [Guest]
[2026-05-07 10:07:43] [INFO] [HTTP] GET /assets/index-CTYLB6fd.js 304 1ms [Guest]
[2026-05-07 10:07:43] [INFO] [HTTP] GET /assets/index-BXCk7I2q.css 304 2ms [Guest]
[2026-05-07 10:07:43] [INFO] [HTTP] GET /vite.svg 304 1ms [Guest]
[2026-05-07 10:08:15] [INFO] [SYSTEM] 🚀 Server ready on port 3001
[2026-05-07 10:08:52] [INFO] [HTTP] GET / 200 7ms [Guest]
[2026-05-07 10:08:52] [INFO] [HTTP] GET /assets/index-BXCk7I2q.css 200 4ms [Guest]
[2026-05-07 10:08:52] [INFO] [HTTP] GET /assets/index-CQOXTaPf.js 200 10ms [Guest]
[2026-05-07 10:08:52] [INFO] [HTTP] GET /vite.svg 200 2ms [Guest]
[2026-05-07 10:08:52] [INFO] [HTTP] GET /vite.svg 304 1ms [Guest]
[2026-05-07 10:09:46] [INFO] [SYSTEM] 🚀 Server ready on port 3001
[2026-05-07 10:10:02] [INFO] [HTTP] GET /api/health 200 33ms [Guest]
[2026-05-07 10:10:02] [INFO] [HTTP] GET /favicon.ico 200 6ms [Guest]
[2026-05-07 10:10:12] [INFO] [HTTP] GET /login 200 3ms [Guest]
[2026-05-07 10:10:12] [INFO] [HTTP] GET /assets/index-BXCk7I2q.css 200 2ms [Guest]
[2026-05-07 10:10:12] [INFO] [HTTP] GET /assets/index-nL6flmg0.js 200 7ms [Guest]
[2026-05-07 10:10:13] [INFO] [HTTP] GET /vite.svg 200 4ms [Guest]
[2026-05-07 10:10:14] [INFO] [AUTH] --- LOGIN ATTEMPT --- Username: admin
[2026-05-07 10:10:14] [INFO] [AUTH] => Đã tìm thấy user: admin
[2026-05-07 10:10:14] [INFO] [AUTH] => Kết quả so khớp mật khẩu cho admin: true
[2026-05-07 10:10:14] [INFO] [HTTP] POST /api/auth/login 200 85ms [Guest]
[2026-05-07 10:10:14] [INFO] [HTTP] GET /api/auth/me 304 9ms [User:admin-001]
[2026-05-07 10:10:14] [INFO] [HTTP] GET /api/worklogs/dashboard 304 22ms [User:admin-001]
[2026-05-07 10:10:14] [INFO] [HTTP] GET /vite.svg 304 2ms [Guest]
[2026-05-07 10:10:17] [INFO] [HTTP] GET /api/users 200 7ms [User:admin-001]
[2026-05-07 10:10:17] [INFO] [HTTP] GET /api/attendance/report?start_date=2026-05-02&end_date=2026-05-07 304 6ms [User:admin-001]
[2026-05-07 10:10:17] [INFO] [HTTP] GET /vite.svg 304 0ms [Guest]
[2026-05-07 10:10:19] [INFO] [HTTP] GET /api/project-items 304 4ms [User:admin-001]
[2026-05-07 10:10:19] [INFO] [HTTP] GET /vite.svg 304 1ms [Guest]
[2026-05-07 10:10:24] [INFO] [HTTP] GET /vite.svg 304 2ms [Guest]
[2026-05-07 10:10:24] [INFO] [HTTP] GET /api/worklogs/dashboard 304 9ms [User:admin-001]
[2026-05-07 10:10:26] [INFO] [HTTP] GET /api/users 304 6ms [User:admin-001]
[2026-05-07 10:10:26] [INFO] [HTTP] GET /api/attendance/report?start_date=2026-05-02&end_date=2026-05-07 304 7ms [User:admin-001]
[2026-05-07 10:10:26] [INFO] [HTTP] GET /vite.svg 304 7ms [Guest]
[2026-05-07 10:10:32] [INFO] [HTTP] GET /api/users 304 7ms [User:admin-001]
[2026-05-07 10:10:32] [INFO] [HTTP] GET /vite.svg 304 3ms [Guest]
[2026-05-07 10:10:32] [INFO] [HTTP] GET /api/worklogs/report 304 11ms [User:admin-001]
[2026-05-07 10:10:32] [INFO] [HTTP] GET /api/projects 304 12ms [User:admin-001]
[2026-05-07 10:10:42] [INFO] [HTTP] GET /vite.svg 304 1ms [Guest]
[2026-05-07 10:10:42] [INFO] [HTTP] GET /api/worklogs/dashboard 304 8ms [User:admin-001]
[2026-05-07 10:10:58] [INFO] [HTTP] GET /vite.svg 304 3ms [Guest]
[2026-05-07 10:10:58] [INFO] [HTTP] GET /api/shift-management/week?startDate=2026-05-07 200 21ms [Guest]
[2026-05-07 10:10:58] [INFO] [HTTP] GET /api/shift-management/days/2026-05-07/shifts 200 22ms [Guest]
[2026-05-07 10:10:58] [INFO] [HTTP] GET /api/shift-management/shifts/si_MORNING_20260507/attendance 304 6ms [Guest]
[2026-05-07 10:11:01] [INFO] [HTTP] GET /api/shift-management/week?startDate=2026-05-06 200 9ms [Guest]
[2026-05-07 10:11:01] [INFO] [HTTP] GET /api/shift-management/days/2026-05-06/shifts 200 13ms [Guest]
[2026-05-07 10:11:01] [INFO] [HTTP] GET /api/shift-management/shifts/si_MORNING_20260506/attendance 200 2ms [Guest]
[2026-05-07 10:11:02] [INFO] [HTTP] GET /api/shift-management/days/2026-05-07/shifts 304 8ms [Guest]
[2026-05-07 10:11:02] [INFO] [HTTP] GET /api/shift-management/shifts/si_MORNING_20260507/attendance 304 2ms [Guest]
[2026-05-07 10:11:02] [INFO] [HTTP] GET /api/shift-management/week?startDate=2026-05-07 200 14ms [Guest]
[2026-05-07 10:11:02] [INFO] [HTTP] GET /api/shift-management/days/2026-05-06/shifts 304 7ms [Guest]
[2026-05-07 10:11:02] [INFO] [HTTP] GET /api/shift-management/week?startDate=2026-05-06 200 10ms [Guest]
[2026-05-07 10:11:02] [INFO] [HTTP] GET /api/shift-management/shifts/si_MORNING_20260506/attendance 304 1ms [Guest]
[2026-05-07 10:11:03] [INFO] [HTTP] GET /api/shift-management/days/2026-05-05/shifts 200 12ms [Guest]
[2026-05-07 10:11:03] [INFO] [HTTP] GET /api/shift-management/week?startDate=2026-05-05 200 13ms [Guest]
[2026-05-07 10:11:03] [INFO] [HTTP] GET /api/shift-management/shifts/si_MORNING_20260505/attendance 200 1ms [Guest]
[2026-05-07 10:11:04] [INFO] [HTTP] GET /api/shift-management/days/2026-05-04/shifts 200 9ms [Guest]
[2026-05-07 10:11:04] [INFO] [HTTP] GET /api/shift-management/week?startDate=2026-05-04 200 10ms [Guest]
[2026-05-07 10:11:04] [INFO] [HTTP] GET /api/shift-management/shifts/si_MORNING_20260504/attendance 200 1ms [Guest]
[2026-05-07 10:11:05] [INFO] [HTTP] GET /api/shift-management/days/2026-05-05/shifts 304 6ms [Guest]
[2026-05-07 10:11:05] [INFO] [HTTP] GET /api/shift-management/shifts/si_MORNING_20260505/attendance 304 1ms [Guest]
[2026-05-07 10:11:05] [INFO] [HTTP] GET /api/shift-management/week?startDate=2026-05-05 200 12ms [Guest]
[2026-05-07 10:11:05] [INFO] [HTTP] GET /api/shift-management/days/2026-05-06/shifts 304 6ms [Guest]
[2026-05-07 10:11:05] [INFO] [HTTP] GET /api/shift-management/shifts/si_MORNING_20260506/attendance 304 1ms [Guest]
[2026-05-07 10:11:05] [INFO] [HTTP] GET /api/shift-management/week?startDate=2026-05-06 200 11ms [Guest]
[2026-05-07 10:11:06] [INFO] [HTTP] GET /api/shift-management/days/2026-05-05/shifts 304 5ms [Guest]
[2026-05-07 10:11:06] [INFO] [HTTP] GET /api/shift-management/shifts/si_MORNING_20260505/attendance 304 1ms [Guest]
[2026-05-07 10:11:06] [INFO] [HTTP] GET /api/shift-management/week?startDate=2026-05-05 304 12ms [Guest]
[2026-05-07 10:11:07] [INFO] [HTTP] GET /api/shift-management/days/2026-05-06/shifts 304 6ms [Guest]
[2026-05-07 10:11:07] [INFO] [HTTP] GET /api/shift-management/week?startDate=2026-05-06 304 11ms [Guest]
[2026-05-07 10:11:07] [INFO] [HTTP] GET /api/shift-management/shifts/si_MORNING_20260506/attendance 304 2ms [Guest]
[2026-05-07 10:11:07] [INFO] [HTTP] GET /api/shift-management/days/2026-05-07/shifts 304 6ms [Guest]
[2026-05-07 10:11:07] [INFO] [HTTP] GET /api/shift-management/shifts/si_MORNING_20260507/attendance 304 1ms [Guest]
[2026-05-07 10:11:07] [INFO] [HTTP] GET /api/shift-management/week?startDate=2026-05-07 200 12ms [Guest]
[2026-05-07 10:11:08] [INFO] [HTTP] GET /api/shift-management/week?startDate=2026-05-08 200 5ms [Guest]
[2026-05-07 10:11:08] [INFO] [HTTP] GET /api/shift-management/days/2026-05-08/shifts 200 10ms [Guest]
[2026-05-07 10:11:08] [INFO] [HTTP] GET /api/shift-management/shifts/si_MORNING_20260508/attendance 200 1ms [Guest]
[2026-05-07 10:11:08] [INFO] [HTTP] GET /api/shift-management/days/2026-05-09/shifts 200 10ms [Guest]
[2026-05-07 10:11:08] [INFO] [HTTP] GET /api/shift-management/week?startDate=2026-05-09 200 13ms [Guest]
[2026-05-07 10:11:08] [INFO] [HTTP] GET /api/shift-management/shifts/si_MORNING_20260509/attendance 200 0ms [Guest]
[2026-05-07 10:11:10] [INFO] [HTTP] GET /api/shift-management/days/2026-05-10/shifts 200 8ms [Guest]
[2026-05-07 10:11:10] [INFO] [HTTP] GET /api/shift-management/week?startDate=2026-05-10 200 10ms [Guest]
[2026-05-07 10:11:10] [INFO] [HTTP] GET /api/shift-management/shifts/si_MORNING_20260510/attendance 200 1ms [Guest]
[2026-05-07 10:11:10] [INFO] [HTTP] GET /api/shift-management/days/2026-05-09/shifts 304 4ms [Guest]
[2026-05-07 10:11:10] [INFO] [HTTP] GET /api/shift-management/shifts/si_MORNING_20260509/attendance 304 1ms [Guest]
[2026-05-07 10:11:10] [INFO] [HTTP] GET /api/shift-management/week?startDate=2026-05-09 200 11ms [Guest]
[2026-05-07 10:11:11] [INFO] [HTTP] GET /api/shift-management/days/2026-05-08/shifts 304 5ms [Guest]
[2026-05-07 10:11:11] [INFO] [HTTP] GET /api/shift-management/week?startDate=2026-05-08 200 9ms [Guest]
[2026-05-07 10:11:11] [INFO] [HTTP] GET /api/shift-management/shifts/si_MORNING_20260508/attendance 304 2ms [Guest]
[2026-05-07 10:11:15] [INFO] [HTTP] GET /api/shift-management/templates 200 2ms [Guest]
[2026-05-07 10:11:23] [INFO] [HTTP] GET /api/shift-management/multiplier-rules 200 2ms [Guest]
[2026-05-07 10:11:23] [INFO] [HTTP] GET /api/shift-management/holidays 200 3ms [Guest]
[2026-05-07 10:11:25] [INFO] [HTTP] GET /api/shift-management/templates 304 1ms [Guest]
[2026-05-07 10:13:19] [INFO] [HTTP] GET /api/shift-management/templates 304 1ms [Guest]
[2026-05-07 10:13:27] [INFO] [HTTP] PUT /api/shift-management/templates/st_night 200 4ms [Guest]
[2026-05-07 10:13:27] [INFO] [HTTP] GET /api/shift-management/templates 200 1ms [Guest]
[2026-05-07 10:13:53] [INFO] [HTTP] GET /api/shift-management/multiplier-rules 304 2ms [Guest]
[2026-05-07 10:13:53] [INFO] [HTTP] GET /api/shift-management/holidays 304 3ms [Guest]
[2026-05-07 10:13:56] [INFO] [HTTP] GET /api/shift-management/templates 304 1ms [Guest]
[2026-05-07 10:15:07] [INFO] [HTTP] GET /api/project-items 304 3ms [User:admin-001]
[2026-05-07 10:15:07] [INFO] [HTTP] GET /vite.svg 304 1ms [Guest]
[2026-05-07 10:15:08] [INFO] [HTTP] GET /api/users 304 4ms [User:admin-001]
[2026-05-07 10:15:08] [INFO] [HTTP] GET /api/attendance/report?start_date=2026-05-02&end_date=2026-05-07 304 5ms [User:admin-001]
[2026-05-07 10:15:08] [INFO] [HTTP] GET /vite.svg 304 1ms [Guest]
[2026-05-07 10:19:53] [INFO] [HTTP] GET /vite.svg 304 2ms [Guest]
[2026-05-07 10:19:53] [INFO] [HTTP] GET /api/shift-management/days/2026-05-07/shifts 200 8ms [Guest]
[2026-05-07 10:19:53] [INFO] [HTTP] GET /api/shift-management/shifts/si_MORNING_20260507/attendance 304 1ms [Guest]
[2026-05-07 10:19:53] [INFO] [HTTP] GET /api/shift-management/week?startDate=2026-05-07 200 15ms [Guest]
[2026-05-07 10:19:58] [INFO] [HTTP] GET /api/shift-management/shifts/si_AFTERNOON_20260507/attendance 200 2ms [Guest]
[2026-05-07 10:19:58] [INFO] [HTTP] GET /api/shift-management/days/2026-05-06/shifts 200 6ms [Guest]
[2026-05-07 10:19:58] [INFO] [HTTP] GET /api/shift-management/week?startDate=2026-05-06 200 10ms [Guest]
[2026-05-07 10:19:58] [INFO] [HTTP] GET /api/shift-management/shifts/si_MORNING_20260506/attendance 304 2ms [Guest]
[2026-05-07 10:20:00] [INFO] [HTTP] GET /api/shift-management/days/2026-05-05/shifts 200 5ms [Guest]
[2026-05-07 10:20:00] [INFO] [HTTP] GET /api/shift-management/week?startDate=2026-05-05 200 9ms [Guest]
[2026-05-07 10:20:00] [INFO] [HTTP] GET /api/shift-management/shifts/si_MORNING_20260505/attendance 304 2ms [Guest]
[2026-05-07 10:20:01] [INFO] [HTTP] GET /api/users 304 5ms [User:admin-001]
[2026-05-07 10:20:01] [INFO] [HTTP] GET /vite.svg 304 1ms [Guest]
[2026-05-07 10:20:01] [INFO] [HTTP] GET /api/attendance/report?start_date=2026-05-02&end_date=2026-05-07 304 6ms [User:admin-001]
[2026-05-07 10:20:25] [INFO] [HTTP] GET /vite.svg 304 1ms [Guest]
[2026-05-07 10:20:25] [INFO] [HTTP] GET /api/shift-management/days/2026-05-07/shifts 304 10ms [Guest]
[2026-05-07 10:20:25] [INFO] [HTTP] GET /api/shift-management/week?startDate=2026-05-07 200 14ms [Guest]
[2026-05-07 10:20:25] [INFO] [HTTP] GET /api/shift-management/shifts/si_MORNING_20260507/attendance 304 1ms [Guest]
[2026-05-07 10:23:54] [INFO] [HTTP] GET /api/shift-management/days/2026-05-06/shifts 304 7ms [Guest]
[2026-05-07 10:23:54] [INFO] [HTTP] GET /api/shift-management/shifts/si_MORNING_20260506/attendance 304 1ms [Guest]
[2026-05-07 10:23:54] [INFO] [HTTP] GET /api/shift-management/week?startDate=2026-05-06 200 12ms [Guest]
[2026-05-07 10:23:55] [INFO] [HTTP] GET /api/shift-management/days/2026-05-07/shifts 304 5ms [Guest]
[2026-05-07 10:23:55] [INFO] [HTTP] GET /api/shift-management/shifts/si_MORNING_20260507/attendance 304 0ms [Guest]
[2026-05-07 10:23:55] [INFO] [HTTP] GET /api/shift-management/week?startDate=2026-05-07 304 10ms [Guest]
[2026-05-07 10:23:56] [INFO] [HTTP] GET /api/shift-management/days/2026-05-06/shifts 304 7ms [Guest]
[2026-05-07 10:23:56] [INFO] [HTTP] GET /api/shift-management/week?startDate=2026-05-06 304 11ms [Guest]
[2026-05-07 10:23:56] [INFO] [HTTP] GET /api/shift-management/shifts/si_MORNING_20260506/attendance 304 2ms [Guest]
[2026-05-07 10:23:57] [INFO] [HTTP] GET /shift-management 200 2ms [Guest]
[2026-05-07 10:23:57] [INFO] [HTTP] GET /assets/index-BXCk7I2q.css 304 0ms [Guest]
[2026-05-07 10:23:57] [INFO] [HTTP] GET /assets/index-nL6flmg0.js 304 1ms [Guest]
[2026-05-07 10:23:57] [INFO] [HTTP] GET /api/auth/me 304 4ms [User:admin-001]
[2026-05-07 10:23:57] [INFO] [HTTP] GET /vite.svg 304 1ms [Guest]
[2026-05-07 10:23:57] [INFO] [HTTP] GET /api/shift-management/days/2026-05-07/shifts 304 23ms [Guest]
[2026-05-07 10:23:57] [INFO] [HTTP] GET /api/shift-management/week?startDate=2026-05-07 304 28ms [Guest]
[2026-05-07 10:23:57] [INFO] [HTTP] GET /api/shift-management/shifts/si_MORNING_20260507/attendance 304 1ms [Guest]
[2026-05-07 10:23:59] [INFO] [HTTP] GET /api/shift-management/days/2026-05-06/shifts 304 8ms [Guest]
[2026-05-07 10:23:59] [INFO] [HTTP] GET /api/shift-management/week?startDate=2026-05-06 304 13ms [Guest]
[2026-05-07 10:23:59] [INFO] [HTTP] GET /api/shift-management/shifts/si_MORNING_20260506/attendance 304 1ms [Guest]
[2026-05-07 10:24:00] [INFO] [HTTP] GET /api/shift-management/shifts/si_AFTERNOON_20260506/attendance 200 2ms [Guest]
[2026-05-07 10:24:01] [INFO] [HTTP] GET /api/shift-management/shifts/si_EVENING_20260506/attendance 200 2ms [Guest]
[2026-05-07 10:24:02] [INFO] [HTTP] GET /api/shift-management/shifts/si_AFTERNOON_20260506/attendance 304 1ms [Guest]
[2026-05-07 10:24:03] [INFO] [HTTP] GET /api/shift-management/shifts/si_MORNING_20260506/attendance 304 1ms [Guest]
[2026-05-07 10:24:04] [INFO] [HTTP] GET /api/shift-management/days/2026-05-05/shifts 304 5ms [Guest]
[2026-05-07 10:24:04] [INFO] [HTTP] GET /api/shift-management/week?startDate=2026-05-05 304 9ms [Guest]
[2026-05-07 10:24:04] [INFO] [HTTP] GET /api/shift-management/shifts/si_MORNING_20260505/attendance 304 2ms [Guest]
[2026-05-07 10:24:05] [INFO] [HTTP] GET /api/shift-management/days/2026-05-04/shifts 200 6ms [Guest]
[2026-05-07 10:24:05] [INFO] [HTTP] GET /api/shift-management/shifts/si_MORNING_20260504/attendance 304 1ms [Guest]
[2026-05-07 10:24:05] [INFO] [HTTP] GET /api/shift-management/week?startDate=2026-05-04 200 12ms [Guest]
[2026-05-07 10:24:05] [INFO] [HTTP] GET /api/shift-management/days/2026-05-07/shifts 304 6ms [Guest]
[2026-05-07 10:24:05] [INFO] [HTTP] GET /api/shift-management/week?startDate=2026-05-07 200 11ms [Guest]
[2026-05-07 10:24:05] [INFO] [HTTP] GET /api/shift-management/shifts/si_MORNING_20260507/attendance 304 3ms [Guest]
[2026-05-07 10:24:07] [INFO] [HTTP] GET /api/users 304 2ms [User:admin-001]
[2026-05-07 10:24:07] [INFO] [HTTP] GET /api/attendance/report?start_date=2026-05-02&end_date=2026-05-07 304 2ms [User:admin-001]
[2026-05-07 10:24:07] [INFO] [HTTP] GET /vite.svg 304 1ms [Guest]
[2026-05-07 11:00:16] [INFO] [SYSTEM] 🚀 Server ready on port 3001
[2026-05-07 11:00:35] [INFO] [AUTH] --- LOGIN ATTEMPT --- Username: admin
[2026-05-07 11:00:35] [INFO] [AUTH] => Đã tìm thấy user: admin
[2026-05-07 11:00:35] [INFO] [AUTH] => Kết quả so khớp mật khẩu cho admin: true
[2026-05-07 11:00:35] [INFO] [HTTP] POST /api/auth/login 200 118ms [Guest]
[2026-05-07 11:00:35] [INFO] [HTTP] GET /api/auth/me 200 5ms [User:admin-001]
[2026-05-07 11:00:35] [INFO] [HTTP] GET /api/worklogs/dashboard 200 19ms [User:admin-001]
[2026-05-07 11:00:35] [INFO] [HTTP] GET /api/worklogs/dashboard 304 4ms [User:admin-001]
[2026-05-07 11:00:43] [INFO] [HTTP] GET /api/worklogs/active 200 4ms [User:admin-001]
[2026-05-07 11:00:43] [INFO] [HTTP] GET /api/worklogs/active 304 6ms [User:admin-001]
[2026-05-07 11:00:46] [INFO] [HTTP] GET /api/users 200 6ms [User:admin-001]
[2026-05-07 11:00:46] [INFO] [HTTP] GET /api/users 304 3ms [User:admin-001]
[2026-05-07 11:00:46] [INFO] [HTTP] GET /api/attendance/report?start_date=2026-05-02&end_date=2026-05-07 200 11ms [User:admin-001]
[2026-05-07 11:00:46] [INFO] [HTTP] GET /api/attendance/report?start_date=2026-05-02&end_date=2026-05-07 304 3ms [User:admin-001]
[2026-05-07 11:00:53] [INFO] [HTTP] GET /api/worklogs/active 304 6ms [User:admin-001]
[2026-05-07 11:00:53] [INFO] [HTTP] GET /api/worklogs/active 304 3ms [User:admin-001]
[2026-05-07 11:00:55] [INFO] [HTTP] GET /api/project-items 200 3ms [User:admin-001]
[2026-05-07 11:00:55] [INFO] [HTTP] GET /api/project-items 304 2ms [User:admin-001]
[2026-05-07 11:01:09] [INFO] [AUTH] --- LOGIN ATTEMPT --- Username: admin
[2026-05-07 11:01:09] [INFO] [AUTH] => Đã tìm thấy user: admin
[2026-05-07 11:01:09] [INFO] [AUTH] => Kết quả so khớp mật khẩu cho admin: true
[2026-05-07 11:01:09] [INFO] [HTTP] POST /api/auth/login 200 91ms [Guest]
[2026-05-07 11:01:09] [INFO] [HTTP] GET /api/auth/me 304 3ms [User:admin-001]
[2026-05-07 11:01:09] [INFO] [HTTP] GET /api/worklogs/dashboard 304 6ms [User:admin-001]
[2026-05-07 11:01:09] [INFO] [HTTP] GET /api/worklogs/dashboard 304 3ms [User:admin-001]
[2026-05-07 11:01:11] [INFO] [HTTP] GET /api/shift-management/days/2026-05-07/attendance 200 92ms [Guest]
[2026-05-07 11:01:11] [INFO] [HTTP] GET /api/shift-management/days/2026-05-07/attendance 304 5ms [Guest]
[2026-05-07 11:01:11] [INFO] [HTTP] GET /api/shift-management/week?startDate=2026-05-07 304 105ms [Guest]
[2026-05-07 11:01:11] [INFO] [HTTP] GET /api/shift-management/days/2026-05-07/shifts 304 110ms [Guest]
[2026-05-07 11:01:11] [INFO] [HTTP] GET /api/shift-management/week?startDate=2026-05-07 304 11ms [Guest]
[2026-05-07 11:01:11] [INFO] [HTTP] GET /api/shift-management/days/2026-05-07/shifts 304 10ms [Guest]
[2026-05-07 11:01:14] [INFO] [HTTP] GET /api/shift-management/days/2026-05-06/attendance 200 6ms [Guest]
[2026-05-07 11:01:14] [INFO] [HTTP] GET /api/shift-management/days/2026-05-06/shifts 304 9ms [Guest]
[2026-05-07 11:01:14] [INFO] [HTTP] GET /api/shift-management/week?startDate=2026-05-06 200 15ms [Guest]
[2026-05-07 11:01:16] [INFO] [HTTP] GET /api/shift-management/days/2026-05-05/attendance 200 4ms [Guest]
[2026-05-07 11:01:16] [INFO] [HTTP] GET /api/shift-management/days/2026-05-05/shifts 304 9ms [Guest]
[2026-05-07 11:01:16] [INFO] [HTTP] GET /api/shift-management/week?startDate=2026-05-05 200 12ms [Guest]
[2026-05-07 11:01:17] [INFO] [HTTP] GET /api/shift-management/days/2026-05-04/attendance 200 6ms [Guest]
[2026-05-07 11:01:17] [INFO] [HTTP] GET /api/shift-management/days/2026-05-04/shifts 304 11ms [Guest]
[2026-05-07 11:01:17] [INFO] [HTTP] GET /api/shift-management/week?startDate=2026-05-04 200 14ms [Guest]
[2026-05-07 11:01:19] [INFO] [HTTP] GET /api/shift-management/days/2026-05-08/attendance 200 5ms [Guest]
[2026-05-07 11:01:19] [INFO] [HTTP] GET /api/shift-management/week?startDate=2026-05-08 200 7ms [Guest]
[2026-05-07 11:01:19] [INFO] [HTTP] GET /api/shift-management/days/2026-05-08/shifts 200 11ms [Guest]
