[2026-05-06 08:32:29] [INFO] [HTTP] GET /api/auth/me 304 2ms [User:u_admin]
[2026-05-06 08:32:29] [INFO] [HTTP] GET /api/auth/me 304 3ms [User:u_admin]
[2026-05-06 08:32:29] [INFO] [HTTP] GET /api/users 304 3ms [User:u_admin]
[2026-05-06 08:32:29] [INFO] [HTTP] GET /api/attendance/report?start_date=2026-05-01&end_date=2026-05-06 304 4ms [User:u_admin]
[2026-05-06 08:32:29] [INFO] [HTTP] GET /api/users 304 4ms [User:u_admin]
[2026-05-06 08:32:29] [INFO] [HTTP] GET /api/attendance/report?start_date=2026-05-01&end_date=2026-05-06 304 3ms [User:u_admin]
[2026-05-06 09:45:17] [INFO] [HTTP] GET /api/auth/me 401 2ms [Guest]
[2026-05-06 09:45:17] [INFO] [HTTP] GET /api/auth/me 401 1ms [Guest]
[2026-05-06 09:49:45] [INFO] [HTTP] GET / 404 14ms [Guest]
[2026-05-06 09:49:45] [INFO] [HTTP] GET /favicon.ico 404 2ms [Guest]
[2026-05-06 09:49:55] [INFO] [HTTP] GET / 404 3ms [Guest]
[2026-05-06 09:49:58] [INFO] [HTTP] GET / 404 3ms [Guest]
[2026-05-06 09:49:58] [INFO] [HTTP] GET /favicon.ico 404 5ms [Guest]
[2026-05-06 09:51:46] [INFO] [SYSTEM] 🚀 Server ready on port 3001
[2026-05-06 09:52:12] [INFO] [HTTP] GET / 200 9ms [Guest]
[2026-05-06 09:52:12] [INFO] [HTTP] GET /assets/index-BXCk7I2q.css 200 2ms [Guest]
[2026-05-06 09:52:12] [INFO] [HTTP] GET /assets/index-ByGO-1GZ.js 200 7ms [Guest]
[2026-05-06 09:52:12] [INFO] [HTTP] GET /vite.svg 200 2ms [Guest]
[2026-05-06 09:52:12] [INFO] [HTTP] GET /vite.svg 304 1ms [Guest]
[2026-05-06 09:52:14] [INFO] [HTTP] GET /vite.svg 304 1ms [Guest]
[2026-05-06 10:01:41] [INFO] [HTTP] GET / 200 2ms [Guest]
[2026-05-06 10:01:41] [INFO] [HTTP] GET /assets/index-BXCk7I2q.css 200 2ms [Guest]
[2026-05-06 10:01:41] [INFO] [HTTP] GET /assets/index-ByGO-1GZ.js 200 6ms [Guest]
[2026-05-06 10:01:41] [INFO] [HTTP] GET /vite.svg 200 1ms [Guest]
[2026-05-06 10:01:41] [INFO] [HTTP] GET /vite.svg 304 0ms [Guest]
[2026-05-06 10:01:44] [INFO] [HTTP] GET /vite.svg 304 1ms [Guest]
[2026-05-06 10:02:45] [INFO] [HTTP] GET /vite.svg 304 2ms [Guest]
[2026-05-06 10:12:31] [INFO] [HTTP] GET /vite.svg 200 4ms [Guest]
[2026-05-06 10:13:35] [INFO] [HTTP] GET /vite.svg 304 1ms [Guest]
[2026-05-06 10:17:37] [INFO] [SYSTEM] 🚀 Server ready on port 3001
